1.2650 	WARNING 	We strongly recommend you activate the PTB sound engine in PsychoPy prefs as the preferred audio engine. Its timing is vastly superior. Your prefs are currently set to use ['pyo'] (in that order).
7.8374 	EXP 	Created window1 = Window(allowGUI=False, allowStencil=False, autoLog=True, backendConf=UNKNOWN, bitsMode=UNKNOWN, blendMode='avg', bpc=(8, 8, 8), color=array([-1, -1, -1]), colorSpace='rgb', depthBits=8, fullscr=<method-wrapper '__getattribute__' of attributeSetter object at 0x7fa67ab38ba8>, gamma=None, gammaErrorPolicy='raise', lms=UNKNOWN, monitor=<psychopy.monitors.calibTools.Monitor object at 0x7fa697caeb70>, multiSample=False, name='window1', numSamples=2, pos=[0.0, 0.0], screen=0, size=array([1920, 1080]), stencilBits=0, stereo=False, units='height', useFBO=True, useRetina=False, viewOri=0.0, viewPos=None, viewScale=None, waitBlanking=True, winType='pyglet')
7.8378 	EXP 	window1: mouseVisible = True
7.8378 	EXP 	window1: recordFrameIntervals = False
8.0033 	EXP 	window1: recordFrameIntervals = True
8.1866 	EXP 	window1: recordFrameIntervals = False
8.8942 	EXP 	Created text_2 = TextStim(__class__=<class 'psychopy.visual.text.TextStim'>, alignHoriz=method-wrapper(...), alignText='center', alignVert=method-wrapper(...), anchorHoriz='center', anchorVert='center', antialias=True, autoLog=True, bold=False, color=array([1., 1., 1.]), colorSpace='rgb', contrast=1.0, depth=-2.0, flipHoriz=False, flipVert=False, font='Open Sans', fontFiles=[], height=0.1, italic=False, languageStyle='LTR', name='text_2', opacity=1, ori=0.0, pos=array([0., 0.]), rgb=UNKNOWN, text='Press space to begin', units='height', win=Window(...), wrapWidth=1)
8.9391 	EXP 	Created text_3 = TextStim(__class__=<class 'psychopy.visual.text.TextStim'>, alignHoriz=method-wrapper(...), alignText='center', alignVert=method-wrapper(...), anchorHoriz='center', anchorVert='center', antialias=True, autoLog=True, bold=False, color=array([1., 1., 1.]), colorSpace='rgb', contrast=1.0, depth=0.0, flipHoriz=False, flipVert=False, font='Open Sans', fontFiles=[], height=0.025, italic=False, languageStyle='LTR', name='text_3', opacity=1, ori=0.0, pos=array([0., 0.]), rgb=UNKNOWN, text=str(...), units='height', win=Window(...), wrapWidth=1)
8.9622 	EXP 	Created text_5 = TextStim(__class__=<class 'psychopy.visual.text.TextStim'>, alignHoriz=method-wrapper(...), alignText='center', alignVert=method-wrapper(...), anchorHoriz='center', anchorVert='center', antialias=True, autoLog=True, bold=False, color=array([1., 1., 1.]), colorSpace='rgb', contrast=1.0, depth=0.0, flipHoriz=False, flipVert=False, font='Open Sans', fontFiles=[], height=0.03, italic=False, languageStyle='LTR', name='text_5', opacity=1, ori=0.0, pos=array([0., 0.]), rgb=UNKNOWN, text='', units='height', win=Window(...), wrapWidth=1)
8.9700 	EXP 	Created fixCross = TextStim(__class__=<class 'psychopy.visual.text.TextStim'>, alignHoriz=method-wrapper(...), alignText='center', alignVert=method-wrapper(...), anchorHoriz='center', anchorVert='center', antialias=True, autoLog=True, bold=False, color=array([1., 1., 1.]), colorSpace='rgb', contrast=1.0, depth=-1.0, flipHoriz=False, flipVert=False, font='Open Sans', fontFiles=[], height=0.075, italic=False, languageStyle='LTR', name='fixCross', opacity=1, ori=0.0, pos=array([0., 0.]), rgb=UNKNOWN, text='+', units='height', win=Window(...), wrapWidth=1)
8.9743 	EXP 	Created fixCross2 = TextStim(__class__=<class 'psychopy.visual.text.TextStim'>, alignHoriz=method-wrapper(...), alignText='center', alignVert=method-wrapper(...), anchorHoriz='center', anchorVert='center', antialias=True, autoLog=True, bold=False, color=array([1., 1., 1.]), colorSpace='rgb', contrast=1.0, depth=-1.0, flipHoriz=False, flipVert=False, font='Open Sans', fontFiles=[], height=0.075, italic=False, languageStyle='LTR', name='fixCross2', opacity=1, ori=0.0, pos=array([0., 0.]), rgb=UNKNOWN, text='+', units='height', win=Window(...), wrapWidth=1)
8.9962 	EXP 	Created answerPrompt = TextStim(__class__=<class 'psychopy.visual.text.TextStim'>, alignHoriz=method-wrapper(...), alignText='center', alignVert=method-wrapper(...), anchorHoriz='center', anchorVert='center', antialias=True, autoLog=True, bold=False, color=array([1., 1., 1.]), colorSpace='rgb', contrast=1.0, depth=0.0, flipHoriz=False, flipVert=False, font='Open Sans', fontFiles=[], height=0.03, italic=False, languageStyle='LTR', name='answerPrompt', opacity=1, ori=0.0, pos=array([0.  , 0.15]), rgb=UNKNOWN, text='Type the word you heard:', units='height', win=Window(...), wrapWidth=1)
9.0289 	EXP 	Created stretchBreakTxrt = TextStim(__class__=<class 'psychopy.visual.text.TextStim'>, alignHoriz=method-wrapper(...), alignText='center', alignVert=method-wrapper(...), anchorHoriz='center', anchorVert='center', antialias=True, autoLog=True, bold=False, color=array([1., 1., 1.]), colorSpace='rgb', contrast=1.0, depth=0.0, flipHoriz=False, flipVert=False, font='Open Sans', fontFiles=[], height=0.03, italic=False, languageStyle='LTR', name='stretchBreakTxrt', opacity=1, ori=0.0, pos=array([0., 0.]), rgb=UNKNOWN, text='', units='height', win=Window(...), wrapWidth=1)
9.0547 	EXP 	Created fixCross = TextStim(__class__=<class 'psychopy.visual.text.TextStim'>, alignHoriz=method-wrapper(...), alignText='center', alignVert=method-wrapper(...), anchorHoriz='center', anchorVert='center', antialias=True, autoLog=True, bold=False, color=array([1., 1., 1.]), colorSpace='rgb', contrast=1.0, depth=-1.0, flipHoriz=False, flipVert=False, font='Open Sans', fontFiles=[], height=0.075, italic=False, languageStyle='LTR', name='fixCross', opacity=1, ori=0.0, pos=array([0., 0.]), rgb=UNKNOWN, text='+', units='height', win=Window(...), wrapWidth=1)
9.0586 	EXP 	Created fixCross2 = TextStim(__class__=<class 'psychopy.visual.text.TextStim'>, alignHoriz=method-wrapper(...), alignText='center', alignVert=method-wrapper(...), anchorHoriz='center', anchorVert='center', antialias=True, autoLog=True, bold=False, color=array([1., 1., 1.]), colorSpace='rgb', contrast=1.0, depth=-1.0, flipHoriz=False, flipVert=False, font='Open Sans', fontFiles=[], height=0.075, italic=False, languageStyle='LTR', name='fixCross2', opacity=1, ori=0.0, pos=array([0., 0.]), rgb=UNKNOWN, text='+', units='height', win=Window(...), wrapWidth=1)
9.0647 	EXP 	Created answerPrompt = TextStim(__class__=<class 'psychopy.visual.text.TextStim'>, alignHoriz=method-wrapper(...), alignText='center', alignVert=method-wrapper(...), anchorHoriz='center', anchorVert='center', antialias=True, autoLog=True, bold=False, color=array([1., 1., 1.]), colorSpace='rgb', contrast=1.0, depth=0.0, flipHoriz=False, flipVert=False, font='Open Sans', fontFiles=[], height=0.03, italic=False, languageStyle='LTR', name='answerPrompt', opacity=1, ori=0.0, pos=array([0.  , 0.15]), rgb=UNKNOWN, text='Type the word you heard:', units='height', win=Window(...), wrapWidth=1)
9.1677 	EXP 	Created text_4 = TextStim(__class__=<class 'psychopy.visual.text.TextStim'>, alignHoriz=method-wrapper(...), alignText='center', alignVert=method-wrapper(...), anchorHoriz='center', anchorVert='center', antialias=True, autoLog=True, bold=False, color=array([1., 1., 1.]), colorSpace='rgb', contrast=1.0, depth=-2.0, flipHoriz=False, flipVert=False, font='Open Sans', fontFiles=[], height=0.03, italic=False, languageStyle='LTR', name='text_4', opacity=1, ori=0.0, pos=array([ 0. , -0.2]), rgb=UNKNOWN, text=str(...), units='height', win=Window(...), wrapWidth=1)
9.1727 	EXP 	Created prepFixTxt = TextStim(__class__=<class 'psychopy.visual.text.TextStim'>, alignHoriz=method-wrapper(...), alignText='center', alignVert=method-wrapper(...), anchorHoriz='center', anchorVert='center', antialias=True, autoLog=True, bold=False, color=array([1., 1., 1.]), colorSpace='rgb', contrast=1.0, depth=0.0, flipHoriz=False, flipVert=False, font='Open Sans', fontFiles=[], height=0.075, italic=False, languageStyle='LTR', name='prepFixTxt', opacity=1, ori=0.0, pos=array([ 0.  , -0.15]), rgb=UNKNOWN, text='+', units='height', win=Window(...), wrapWidth=1)
9.1773 	EXP 	Created prepFixTxt_2 = TextStim(__class__=<class 'psychopy.visual.text.TextStim'>, alignHoriz=method-wrapper(...), alignText='center', alignVert=method-wrapper(...), anchorHoriz='center', anchorVert='center', antialias=True, autoLog=True, bold=False, color=array([1., 1., 1.]), colorSpace='rgb', contrast=1.0, depth=-1.0, flipHoriz=False, flipVert=False, font='Open Sans', fontFiles=[], height=0.075, italic=False, languageStyle='LTR', name='prepFixTxt_2', opacity=1, ori=0.0, pos=array([ 0.  , -0.15]), rgb=UNKNOWN, text='+', units='height', win=Window(...), wrapWidth=1)
9.1807 	EXP 	Created respPromptLocal = TextStim(__class__=<class 'psychopy.visual.text.TextStim'>, alignHoriz=method-wrapper(...), alignText='center', alignVert=method-wrapper(...), anchorHoriz='center', anchorVert='center', antialias=True, autoLog=True, bold=False, color=array([1., 1., 1.]), colorSpace='rgb', contrast=1.0, depth=0.0, flipHoriz=False, flipVert=False, font='Open Sans', fontFiles=[], height=0.05, italic=False, languageStyle='LTR', name='respPromptLocal', opacity=1, ori=0.0, pos=array([ 0. , -0.1]), rgb=UNKNOWN, text='', units='height', win=Window(...), wrapWidth=1)
9.2115 	EXP 	window1: mouseVisible = True
9.2258 	EXP 	Created slider = Slider(__class__=<class 'psychopy.visual.slider.Slider'>, autoDraw=False, autoLog=True, borderColor=None, color=None, colorSpace='rgb', depth=-1, fillColor=None, flip=False, font='Open Sans', granularity=0.0, labelHeight=0.05, labelWrapWidth=None, labels=None, name='slider', opacity=None, pos=(0, -0.4), readOnly=False, self=UNKNOWN, size=(1.75, 0.1), startValue=None, style=method-wrapper(...), styleTweaks=method-wrapper(...), ticks=array([1, 2]), units='height', win=Window(...))
9.2840 	EXP 	Created text_7 = TextStim(__class__=<class 'psychopy.visual.text.TextStim'>, alignHoriz=method-wrapper(...), alignText='center', alignVert=method-wrapper(...), anchorHoriz='center', anchorVert='center', antialias=True, autoLog=True, bold=False, color=array([1., 1., 1.]), colorSpace='rgb', contrast=1.0, depth=-1.0, flipHoriz=False, flipVert=False, font='Open Sans', fontFiles=[], height=0.03, italic=False, languageStyle='LTR', name='text_7', opacity=1, ori=0.0, pos=array([ 0. , -0.2]), rgb=UNKNOWN, text=str(...), units='height', win=Window(...), wrapWidth=1)
9.2882 	EXP 	Created prepFixTxt = TextStim(__class__=<class 'psychopy.visual.text.TextStim'>, alignHoriz=method-wrapper(...), alignText='center', alignVert=method-wrapper(...), anchorHoriz='center', anchorVert='center', antialias=True, autoLog=True, bold=False, color=array([1., 1., 1.]), colorSpace='rgb', contrast=1.0, depth=0.0, flipHoriz=False, flipVert=False, font='Open Sans', fontFiles=[], height=0.075, italic=False, languageStyle='LTR', name='prepFixTxt', opacity=1, ori=0.0, pos=array([ 0.  , -0.15]), rgb=UNKNOWN, text='+', units='height', win=Window(...), wrapWidth=1)
9.2926 	EXP 	Created prepFixTxt_3 = TextStim(__class__=<class 'psychopy.visual.text.TextStim'>, alignHoriz=method-wrapper(...), alignText='center', alignVert=method-wrapper(...), anchorHoriz='center', anchorVert='center', antialias=True, autoLog=True, bold=False, color=array([-1., -1., -1.]), colorSpace='rgb', contrast=1.0, depth=0.0, flipHoriz=False, flipVert=False, font='Open Sans', fontFiles=[], height=0.075, italic=False, languageStyle='LTR', name='prepFixTxt_3', opacity=1, ori=0.0, pos=array([ 0.  , -0.15]), rgb=UNKNOWN, text='+', units='height', win=Window(...), wrapWidth=1)
9.2973 	EXP 	Created grating = GratingStim(__class__=<class 'psychopy.visual.grating.GratingStim'>, autoDraw=False, autoLog=True, blendmode='avg', color=array([1., 1., 1.]), colorSpace='rgb', contrast=1.0, depth=-1.0, interpolate=True, mask='gauss', maskParams=None, name='grating', opacity=1, ori=0.0, phase=array([0., 0.]), pos=array([0., 0.]), rgbPedestal=array([0., 0., 0.]), sf=array([0.02, 0.02]), size=array([50., 50.]), tex='sin', texRes=128.0, units='pix', win=Window(...))
9.2999 	EXP 	Created respPromptLocal = TextStim(__class__=<class 'psychopy.visual.text.TextStim'>, alignHoriz=method-wrapper(...), alignText='center', alignVert=method-wrapper(...), anchorHoriz='center', anchorVert='center', antialias=True, autoLog=True, bold=False, color=array([1., 1., 1.]), colorSpace='rgb', contrast=1.0, depth=0.0, flipHoriz=False, flipVert=False, font='Open Sans', fontFiles=[], height=0.05, italic=False, languageStyle='LTR', name='respPromptLocal', opacity=1, ori=0.0, pos=array([ 0. , -0.1]), rgb=UNKNOWN, text='', units='height', win=Window(...), wrapWidth=1)
9.3111 	EXP 	window1: mouseVisible = True
9.3252 	EXP 	Created slider = Slider(__class__=<class 'psychopy.visual.slider.Slider'>, autoDraw=False, autoLog=True, borderColor=None, color=None, colorSpace='rgb', depth=-1, fillColor=None, flip=False, font='Open Sans', granularity=0.0, labelHeight=0.05, labelWrapWidth=None, labels=None, name='slider', opacity=None, pos=(0, -0.4), readOnly=False, self=UNKNOWN, size=(1.75, 0.1), startValue=None, style=method-wrapper(...), styleTweaks=method-wrapper(...), ticks=array([1, 2]), units='height', win=Window(...))
9.3648 	EXP 	Created exitTxt = TextStim(__class__=<class 'psychopy.visual.text.TextStim'>, alignHoriz=method-wrapper(...), alignText='center', alignVert=method-wrapper(...), anchorHoriz='center', anchorVert='center', antialias=True, autoLog=True, bold=False, color=array([1., 1., 1.]), colorSpace='rgb', contrast=1.0, depth=0.0, flipHoriz=False, flipVert=False, font='Open Sans', fontFiles=[], height=0.05, italic=False, languageStyle='LTR', name='exitTxt', opacity=1, ori=0.0, pos=array([0., 0.]), rgb=UNKNOWN, text=str(...), units='height', win=Window(...), wrapWidth=1)
10.5192 	EXP 	getAnswer: autoLog = True
10.5192 	EXP 	getAnswer: autoLog = True
10.5192 	EXP 	slider: autoLog = True
10.5192 	EXP 	slider: markerPos = None
10.5192 	EXP 	slider: rating = None
10.5192 	EXP 	slider: markerPos = None
10.5192 	EXP 	slider: contrast = 1.0
10.5192 	EXP 	slider: autoLog = True
10.5192 	EXP 	slider: styleTweaks = []
10.5192 	EXP 	slider: style = 'slider'
10.5192 	EXP 	slider: styleTweaks = []
10.5192 	EXP 	slider: autoLog = True
10.5192 	EXP 	slider: markerPos = None
10.5192 	EXP 	slider: rating = None
10.5192 	EXP 	slider: markerPos = None
10.5192 	EXP 	slider: contrast = 1.0
10.5192 	EXP 	slider: autoLog = True
10.5192 	EXP 	slider: styleTweaks = []
10.5192 	EXP 	slider: style = 'slider'
10.5192 	EXP 	slider: styleTweaks = []
10.6028 	EXP 	text_2: autoDraw = True
12.3416 	DATA 	Keypress: space
12.3532 	EXP 	text_2: autoDraw = False
12.3532 	EXP 	text_3: autoDraw = True
16.6460 	EXP 	Imported practiceForSpeech_CM_102722.xlsx as conditions, 2 conditions, 8 params
16.6467 	EXP 	Created sequence: sequential, trialTypes=2, nReps=1, seed=None
16.6473 	EXP 	New trial (rep=0, index=0): {'Audio_Only_Files': 'ash.wav', 'Video_Files': 'ash.mpg', 'Original_Word_List': 'ash', 'noiseLevelCode': 1, 'conditionCodes': 'A', 'noiseLevelFile1': 'Pink_Noise_1_1.wav', 'noiseLevelFile2': 'Pink_Noise_1_2.wav', 'InstrTextVar': 'This is an example of an\n\nAUDIO trial'}
16.6686 	DATA 	Keypress: space
16.6860 	EXP 	text_3: autoDraw = False
16.6860 	EXP 	text_5: text = 'This is an example of an\n\nAUDIO trial'
16.6860 	EXP 	text_5: autoDraw = True
17.6695 	EXP 	text_5: autoDraw = False
17.6695 	EXP 	fixCross: autoDraw = True
19.1308 	EXP 	Created movieToShow = MovieStim3(__class__=<class 'psychopy.visual.movie3.MovieStim3'>, autoLog=True, color=UNKNOWN, colorSpace=UNKNOWN, depth=-2.0, filename='ash.mpg', flipHoriz=False, flipVert=False, fps=UNKNOWN, interpolate=True, loop=False, name='movieToShow', noAudio=False, opacity=1, ori=method-wrapper(...), pos=array([0., 0.]), size=method-wrapper(...), units='pix', vframe_callback=UNKNOWN, volume=UNKNOWN, win=Window(...))
21.8258 	EXP 	Set  sound=C
21.8330 	EXP 	Set  sound=[[ 0.00000000e+00  0.00000000e+00]
 [-3.05175781e-05  0.00000000e+00]
 [ 0.00000000e+00  0.00000000e+00]
 ...
 [ 7.32421875e-04  7.93457031e-04]
 [ 6.71386719e-04  3.66210938e-04]
 [ 5.79833984e-04  6.10351562e-05]]
21.8358 	EXP 	Sound  started
21.8527 	EXP 	fixCross: autoDraw = False
21.8527 	EXP 	movieToShow: autoLog = True
21.8527 	EXP 	movieToShow: movie = 'ash.mpg'
21.8527 	EXP 	movieToShow: size = array([0., 0.])
21.8527 	EXP 	movieToShow: ori = 0.0
21.8527 	EXP 	fixCross2: autoDraw = True
21.8527 	EXP 	movieToShow: autoDraw = True
23.2213 	EXP 	Set movieToShow finished
23.2373 	EXP 	fixCross2: autoDraw = False
23.2373 	EXP 	movieToShow: autoDraw = False
23.2373 	EXP 	answerPrompt: autoDraw = True
23.2373 	EXP 	getAnswer: autoDraw = True
25.1312 	DATA 	Keypress: a
25.4629 	DATA 	Keypress: s
25.5789 	DATA 	Keypress: h
29.3796 	DATA 	Keypress: space
30.2593 	DATA 	Keypress: backspace
30.6550 	EXP 	New trial (rep=0, index=1): {'Audio_Only_Files': 'ash.wav', 'Video_Files': 'ash.mpg', 'Original_Word_List': 'ash', 'noiseLevelCode': 1, 'conditionCodes': 'AV', 'noiseLevelFile1': 'Pink_Noise_1_1.wav', 'noiseLevelFile2': 'Pink_Noise_1_2.wav', 'InstrTextVar': 'This is an example of an\n\nAUDIO + VIDEO  trial'}
30.6678 	DATA 	Keypress: return
30.6859 	EXP 	answerPrompt: autoDraw = False
30.6859 	EXP 	getAnswer: autoDraw = False
30.6859 	EXP 	text_5: text = 'This is an example of an\n\nAUDIO + VIDEO  trial'
30.6859 	EXP 	text_5: autoDraw = True
31.6861 	EXP 	text_5: autoDraw = False
31.6861 	EXP 	fixCross: autoDraw = True
33.0218 	EXP 	Created movieToShow = MovieStim3(__class__=<class 'psychopy.visual.movie3.MovieStim3'>, autoLog=True, color=UNKNOWN, colorSpace=UNKNOWN, depth=-2.0, filename='ash.mpg', flipHoriz=False, flipVert=False, fps=UNKNOWN, interpolate=True, loop=False, name='movieToShow', noAudio=False, opacity=1, ori=method-wrapper(...), pos=array([0., 0.]), size=method-wrapper(...), units='pix', vframe_callback=UNKNOWN, volume=UNKNOWN, win=Window(...))
33.1469 	EXP 	Set  sound=[[ 0.00000000e+00  0.00000000e+00]
 [-3.05175781e-05  0.00000000e+00]
 [ 0.00000000e+00  0.00000000e+00]
 ...
 [ 7.32421875e-04  7.93457031e-04]
 [ 6.71386719e-04  3.66210938e-04]
 [ 5.79833984e-04  6.10351562e-05]]
33.1498 	EXP 	Sound  stopped
33.1504 	EXP 	Sound  started
33.1704 	EXP 	fixCross: autoDraw = False
33.1704 	EXP 	movieToShow: autoLog = True
33.1704 	EXP 	movieToShow: movie = 'ash.mpg'
33.1704 	EXP 	movieToShow: size = array([360., 240.])
33.1704 	EXP 	movieToShow: ori = 0.0
33.1704 	EXP 	fixCross2: autoDraw = True
33.1704 	EXP 	movieToShow: autoDraw = True
34.5362 	EXP 	Set movieToShow finished
34.5527 	EXP 	fixCross2: autoDraw = False
34.5527 	EXP 	movieToShow: autoDraw = False
34.5527 	EXP 	answerPrompt: autoDraw = True
34.5527 	EXP 	getAnswer: autoDraw = True
35.5599 	DATA 	Keypress: a
35.7255 	DATA 	Keypress: s
35.8600 	DATA 	Keypress: h
36.6102 	DATA 	Keypress: return
36.6192 	EXP 	answerPrompt: autoDraw = False
36.6192 	EXP 	getAnswer: autoDraw = False
36.6192 	EXP 	stretchBreakTxrt: text = 'The rest of the task will be similar to this! It will take approximately 15 minutes to complete, so please take a break to stretch now.\n\nPress space when you are ready to begin.'
36.6192 	EXP 	stretchBreakTxrt: autoDraw = True
58.6564 	EXP 	Imported /Users/shamslab/Desktop/CM_SpeechTask_Mach2_102422/125_speechCondFileFewerNoise.csv as conditions, 120 conditions, 7 params
58.6573 	EXP 	Created sequence: random, trialTypes=120, nReps=0, seed=None
58.6745 	DATA 	Keypress: space
58.6859 	EXP 	stretchBreakTxrt: autoDraw = False
58.7696 	EXP 	text_4: autoDraw = True
71.5207 	EXP 	window1: mouseVisible = False
71.5350 	EXP 	Imported localizationExp_baseConditionsOneChannel.csv as conditions, 7 conditions, 9 params
71.5356 	EXP 	Created sequence: fullRandom, trialTypes=7, nReps=8, seed=None
71.5362 	EXP 	New trial (rep=0, index=0): OrderedDict([('targetSpeakerName', 'center'), ('targetSpeakerEccen', 0.0), ('targetSpkrChannel', 6), ('targetSpkrSound', 'ch1Sound_localizationTask.wav'), ('targetVisualDegrees', 0.0), ('visStimLoc', '(952, 878)'), ('visStimLoc2', '(-8,-202)'), ('visStimW', 0), ('visStimH', -338)])
71.5365 	EXP 	window1: mouseVisible = False
71.5427 	DATA 	Keypress: space
71.5526 	EXP 	text_4: autoDraw = False
71.5526 	EXP 	prepFixTxt: autoDraw = True
72.5370 	EXP 	window1: mouseVisible = False
72.6692 	EXP 	prepFixTxt: autoDraw = False
72.6692 	EXP 	prepFixTxt_2: autoDraw = True
73.5504 	EXP 	window1: mouseVisible = True
73.5703 	EXP 	prepFixTxt_2: autoDraw = False
73.5703 	EXP 	respPromptLocal: text = 'Where was the sound?'
73.5703 	EXP 	slider: markerPos = None
73.5703 	EXP 	slider: markerPos = None
73.5703 	EXP 	slider: rating = None
73.5703 	EXP 	respPromptLocal: autoDraw = True
73.5703 	EXP 	slider: autoDraw = True
75.3721 	DATA 	Mouse: Left button down, pos=(703,117)
75.3863 	EXP 	slider: markerPos = 1.364021164021164
75.4029 	EXP 	slider: markerPos = 1.364021164021164
75.4196 	EXP 	slider: markerPos = 1.364021164021164
75.4363 	EXP 	slider: markerPos = 1.364021164021164
75.4528 	EXP 	slider: markerPos = 1.364021164021164
75.4696 	EXP 	slider: markerPos = 1.364021164021164
75.4862 	EXP 	slider: markerPos = 1.364021164021164
75.5028 	EXP 	slider: markerPos = 1.364021164021164
75.5051 	DATA 	Mouse:  Left button up, pos=(703,117)
75.5206 	EXP 	slider: markerPos = 1.364021164021164
75.5206 	EXP 	slider: rating = 1.364021164021164
75.5250 	EXP 	window1: mouseVisible = False
75.5254 	EXP 	New trial (rep=0, index=1): OrderedDict([('targetSpeakerName', 'midRight'), ('targetSpeakerEccen', 13.0), ('targetSpkrChannel', 3), ('targetSpkrSound', 'ch1Sound_localizationTask.wav'), ('targetVisualDegrees', 13.0), ('visStimLoc', '(1142, 878)'), ('visStimLoc2', '(182, -202)'), ('visStimW', 190), ('visStimH', -338)])
75.5257 	EXP 	window1: mouseVisible = False
75.5364 	EXP 	respPromptLocal: autoDraw = False
75.5364 	EXP 	slider: autoDraw = False
75.5364 	EXP 	prepFixTxt: autoDraw = True
76.5203 	EXP 	window1: mouseVisible = False
76.6360 	EXP 	prepFixTxt: autoDraw = False
76.6360 	EXP 	prepFixTxt: autoDraw = False
76.6360 	EXP 	prepFixTxt_2: autoDraw = True
77.5443 	EXP 	window1: mouseVisible = True
77.5693 	EXP 	prepFixTxt_2: autoDraw = False
77.5693 	EXP 	respPromptLocal: text = 'Where was the sound?'
77.5693 	EXP 	slider: markerPos = None
77.5693 	EXP 	slider: markerPos = None
77.5693 	EXP 	slider: rating = None
77.5693 	EXP 	respPromptLocal: autoDraw = True
77.5693 	EXP 	slider: autoDraw = True
78.6219 	DATA 	Mouse: Left button down, pos=(1048,106)
78.6362 	EXP 	slider: markerPos = 1.5465608465608467
78.6529 	EXP 	slider: markerPos = 1.5465608465608467
78.6695 	EXP 	slider: markerPos = 1.5465608465608467
78.6863 	EXP 	slider: markerPos = 1.5465608465608467
78.7029 	EXP 	slider: markerPos = 1.5465608465608467
78.7197 	EXP 	slider: markerPos = 1.5465608465608467
78.7219 	DATA 	Mouse:  Left button up, pos=(1048,106)
78.7376 	EXP 	slider: markerPos = 1.5465608465608467
78.7376 	EXP 	slider: rating = 1.5465608465608467
78.7417 	EXP 	window1: mouseVisible = False
78.7421 	EXP 	New trial (rep=0, index=2): OrderedDict([('targetSpeakerName', 'nearRight'), ('targetSpeakerEccen', 6.5), ('targetSpkrChannel', 0), ('targetSpkrSound', 'ch1Sound_localizationTask.wav'), ('targetVisualDegrees', 6.5), ('visStimLoc', '(1047, 878)'), ('visStimLoc2', '(87, -202)'), ('visStimW', 95), ('visStimH', -338)])
78.7424 	EXP 	window1: mouseVisible = False
78.7529 	EXP 	respPromptLocal: autoDraw = False
78.7529 	EXP 	slider: autoDraw = False
78.7529 	EXP 	prepFixTxt: autoDraw = True
79.7370 	EXP 	window1: mouseVisible = False
79.8528 	EXP 	prepFixTxt: autoDraw = False
79.8528 	EXP 	prepFixTxt: autoDraw = False
79.8528 	EXP 	prepFixTxt_2: autoDraw = True
80.7609 	EXP 	window1: mouseVisible = True
80.7859 	EXP 	prepFixTxt_2: autoDraw = False
80.7859 	EXP 	respPromptLocal: text = 'Where was the sound?'
80.7859 	EXP 	slider: markerPos = None
80.7859 	EXP 	slider: markerPos = None
80.7859 	EXP 	slider: rating = None
80.7859 	EXP 	respPromptLocal: autoDraw = True
80.7859 	EXP 	slider: autoDraw = True
81.5552 	DATA 	Mouse: Left button down, pos=(872,98)
81.5697 	EXP 	slider: markerPos = 1.4534391534391533
81.5862 	EXP 	slider: markerPos = 1.4534391534391533
81.6030 	EXP 	slider: markerPos = 1.4534391534391533
81.6195 	EXP 	slider: markerPos = 1.4534391534391533
81.6362 	EXP 	slider: markerPos = 1.4534391534391533
81.6528 	EXP 	slider: markerPos = 1.4534391534391533
81.6551 	DATA 	Mouse:  Left button up, pos=(872,98)
81.6706 	EXP 	slider: markerPos = 1.4534391534391533
81.6706 	EXP 	slider: rating = 1.4534391534391533
81.6747 	EXP 	window1: mouseVisible = False
81.6751 	EXP 	New trial (rep=0, index=3): OrderedDict([('targetSpeakerName', 'farRight'), ('targetSpeakerEccen', 19.1), ('targetSpkrChannel', 4), ('targetSpkrSound', 'ch1Sound_localizationTask.wav'), ('targetVisualDegrees', 19.1), ('visStimLoc', '(1237, 878)'), ('visStimLoc2', '(277,-202)'), ('visStimW', 285), ('visStimH', -338)])
81.6754 	EXP 	window1: mouseVisible = False
81.6862 	EXP 	respPromptLocal: autoDraw = False
81.6862 	EXP 	slider: autoDraw = False
81.6862 	EXP 	prepFixTxt: autoDraw = True
82.6703 	EXP 	window1: mouseVisible = False
82.7859 	EXP 	prepFixTxt: autoDraw = False
82.7859 	EXP 	prepFixTxt: autoDraw = False
82.7859 	EXP 	prepFixTxt_2: autoDraw = True
83.6943 	EXP 	window1: mouseVisible = True
83.7193 	EXP 	prepFixTxt_2: autoDraw = False
83.7193 	EXP 	respPromptLocal: text = 'Where was the sound?'
83.7193 	EXP 	slider: markerPos = None
83.7193 	EXP 	slider: markerPos = None
83.7193 	EXP 	slider: rating = None
83.7193 	EXP 	respPromptLocal: autoDraw = True
83.7193 	EXP 	slider: autoDraw = True
84.6071 	DATA 	Mouse: Left button down, pos=(1468,101)
84.6363 	EXP 	slider: markerPos = 1.7687830687830688
84.6529 	EXP 	slider: markerPos = 1.7687830687830688
84.6696 	EXP 	slider: markerPos = 1.7687830687830688
84.6863 	EXP 	slider: markerPos = 1.7687830687830688
84.7029 	EXP 	slider: markerPos = 1.7687830687830688
84.7196 	EXP 	slider: markerPos = 1.7687830687830688
84.7364 	EXP 	slider: markerPos = 1.7687830687830688
84.7386 	DATA 	Mouse:  Left button up, pos=(1468,101)
84.7545 	EXP 	slider: markerPos = 1.7687830687830688
84.7545 	EXP 	slider: rating = 1.7687830687830688
84.7585 	EXP 	window1: mouseVisible = False
84.7589 	EXP 	New trial (rep=0, index=4): OrderedDict([('targetSpeakerName', 'midRight'), ('targetSpeakerEccen', 13.0), ('targetSpkrChannel', 3), ('targetSpkrSound', 'ch1Sound_localizationTask.wav'), ('targetVisualDegrees', 13.0), ('visStimLoc', '(1142, 878)'), ('visStimLoc2', '(182, -202)'), ('visStimW', 190), ('visStimH', -338)])
84.7592 	EXP 	window1: mouseVisible = False
84.7695 	EXP 	respPromptLocal: autoDraw = False
84.7695 	EXP 	slider: autoDraw = False
84.7695 	EXP 	prepFixTxt: autoDraw = True
85.7535 	EXP 	window1: mouseVisible = False
85.8693 	EXP 	prepFixTxt: autoDraw = False
85.8693 	EXP 	prepFixTxt: autoDraw = False
85.8693 	EXP 	prepFixTxt_2: autoDraw = True
86.7775 	EXP 	window1: mouseVisible = True
86.8027 	EXP 	prepFixTxt_2: autoDraw = False
86.8027 	EXP 	respPromptLocal: text = 'Where was the sound?'
86.8027 	EXP 	slider: markerPos = None
86.8027 	EXP 	slider: markerPos = None
86.8027 	EXP 	slider: rating = None
86.8027 	EXP 	respPromptLocal: autoDraw = True
86.8027 	EXP 	slider: autoDraw = True
87.8385 	DATA 	Mouse: Left button down, pos=(1036,118)
87.8529 	EXP 	slider: markerPos = 1.5402116402116404
87.8696 	EXP 	slider: markerPos = 1.5402116402116404
87.8864 	EXP 	slider: markerPos = 1.5402116402116404
87.9030 	EXP 	slider: markerPos = 1.5402116402116404
87.9195 	EXP 	slider: markerPos = 1.5402116402116404
87.9362 	EXP 	slider: markerPos = 1.5402116402116404
87.9529 	EXP 	slider: markerPos = 1.5402116402116404
87.9697 	EXP 	slider: markerPos = 1.5402116402116404
87.9862 	EXP 	slider: markerPos = 1.5402116402116404
88.0029 	EXP 	slider: markerPos = 1.5402116402116404
88.0099 	DATA 	Mouse:  Left button up, pos=(1036,118)
88.0196 	EXP 	slider: markerPos = 1.5402116402116404
88.0367 	EXP 	slider: markerPos = 1.5402116402116404
88.0367 	EXP 	slider: rating = 1.5402116402116404
88.0408 	EXP 	window1: mouseVisible = False
88.0411 	EXP 	New trial (rep=0, index=5): OrderedDict([('targetSpeakerName', 'farRight'), ('targetSpeakerEccen', 19.1), ('targetSpkrChannel', 4), ('targetSpkrSound', 'ch1Sound_localizationTask.wav'), ('targetVisualDegrees', 19.1), ('visStimLoc', '(1237, 878)'), ('visStimLoc2', '(277,-202)'), ('visStimW', 285), ('visStimH', -338)])
88.0414 	EXP 	window1: mouseVisible = False
88.0529 	EXP 	respPromptLocal: autoDraw = False
88.0529 	EXP 	slider: autoDraw = False
88.0529 	EXP 	prepFixTxt: autoDraw = True
89.0369 	EXP 	window1: mouseVisible = False
89.1527 	EXP 	prepFixTxt: autoDraw = False
89.1527 	EXP 	prepFixTxt: autoDraw = False
89.1527 	EXP 	prepFixTxt_2: autoDraw = True
90.0608 	EXP 	window1: mouseVisible = True
90.0860 	EXP 	prepFixTxt_2: autoDraw = False
90.0860 	EXP 	respPromptLocal: text = 'Where was the sound?'
90.0860 	EXP 	slider: markerPos = None
90.0860 	EXP 	slider: markerPos = None
90.0860 	EXP 	slider: rating = None
90.0860 	EXP 	respPromptLocal: autoDraw = True
90.0860 	EXP 	slider: autoDraw = True
90.6720 	DATA 	Mouse: Left button down, pos=(1181,111)
90.6863 	EXP 	slider: markerPos = 1.6169312169312169
90.7029 	EXP 	slider: markerPos = 1.6169312169312169
90.7196 	EXP 	slider: markerPos = 1.6169312169312169
90.7363 	EXP 	slider: markerPos = 1.6169312169312169
90.7530 	EXP 	slider: markerPos = 1.6169312169312169
90.7696 	EXP 	slider: markerPos = 1.6169312169312169
90.7767 	DATA 	Mouse:  Left button up, pos=(1181,111)
90.7863 	EXP 	slider: markerPos = 1.6169312169312169
90.8034 	EXP 	slider: markerPos = 1.6169312169312169
90.8034 	EXP 	slider: rating = 1.6169312169312169
90.8082 	EXP 	window1: mouseVisible = False
90.8085 	EXP 	New trial (rep=0, index=6): OrderedDict([('targetSpeakerName', 'center'), ('targetSpeakerEccen', 0.0), ('targetSpkrChannel', 6), ('targetSpkrSound', 'ch1Sound_localizationTask.wav'), ('targetVisualDegrees', 0.0), ('visStimLoc', '(952, 878)'), ('visStimLoc2', '(-8,-202)'), ('visStimW', 0), ('visStimH', -338)])
90.8088 	EXP 	window1: mouseVisible = False
90.8197 	EXP 	respPromptLocal: autoDraw = False
90.8197 	EXP 	slider: autoDraw = False
90.8197 	EXP 	prepFixTxt: autoDraw = True
91.8036 	EXP 	window1: mouseVisible = False
91.9193 	EXP 	prepFixTxt: autoDraw = False
91.9193 	EXP 	prepFixTxt: autoDraw = False
91.9193 	EXP 	prepFixTxt_2: autoDraw = True
92.8277 	EXP 	window1: mouseVisible = True
92.8526 	EXP 	prepFixTxt_2: autoDraw = False
92.8526 	EXP 	respPromptLocal: text = 'Where was the sound?'
92.8526 	EXP 	slider: markerPos = None
92.8526 	EXP 	slider: markerPos = None
92.8526 	EXP 	slider: rating = None
92.8526 	EXP 	respPromptLocal: autoDraw = True
92.8526 	EXP 	slider: autoDraw = True
93.8552 	DATA 	Mouse: Left button down, pos=(675,98)
93.8696 	EXP 	slider: markerPos = 1.3492063492063493
93.8862 	EXP 	slider: markerPos = 1.3492063492063493
93.9030 	EXP 	slider: markerPos = 1.3492063492063493
93.9196 	EXP 	slider: markerPos = 1.3492063492063493
93.9363 	EXP 	slider: markerPos = 1.3492063492063493
93.9531 	EXP 	slider: markerPos = 1.3497354497354497
93.9696 	EXP 	slider: markerPos = 1.3497354497354497
93.9864 	EXP 	slider: markerPos = 1.3502645502645503
93.9886 	DATA 	Mouse:  Left button up, pos=(677,98)
94.0193 	EXP 	slider: markerPos = 1.3502645502645503
94.0193 	EXP 	slider: rating = 1.3502645502645503
94.0234 	EXP 	window1: mouseVisible = False
94.0237 	EXP 	New trial (rep=1, index=0): OrderedDict([('targetSpeakerName', 'farLeft'), ('targetSpeakerEccen', -19.1), ('targetSpkrChannel', 5), ('targetSpkrSound', 'ch1Sound_localizationTask.wav'), ('targetVisualDegrees', -19.1), ('visStimLoc', '(667, 878)'), ('visStimLoc2', '(-293,-202)'), ('visStimW', -285), ('visStimH', -338)])
94.0241 	EXP 	window1: mouseVisible = False
94.0361 	EXP 	respPromptLocal: autoDraw = False
94.0361 	EXP 	slider: autoDraw = False
94.0361 	EXP 	prepFixTxt: autoDraw = True
95.0203 	EXP 	window1: mouseVisible = False
95.1359 	EXP 	prepFixTxt: autoDraw = False
95.1359 	EXP 	prepFixTxt: autoDraw = False
95.1359 	EXP 	prepFixTxt_2: autoDraw = True
96.0443 	EXP 	window1: mouseVisible = True
96.0693 	EXP 	prepFixTxt_2: autoDraw = False
96.0693 	EXP 	respPromptLocal: text = 'Where was the sound?'
96.0693 	EXP 	slider: markerPos = None
96.0693 	EXP 	slider: markerPos = None
96.0693 	EXP 	slider: rating = None
96.0693 	EXP 	respPromptLocal: autoDraw = True
96.0693 	EXP 	slider: autoDraw = True
96.8402 	DATA 	Mouse: Left button down, pos=(450,88)
96.8695 	EXP 	slider: markerPos = 1.2301587301587302
96.8863 	EXP 	slider: markerPos = 1.2301587301587302
96.9030 	EXP 	slider: markerPos = 1.2301587301587302
96.9196 	EXP 	slider: markerPos = 1.2301587301587302
96.9365 	EXP 	slider: markerPos = 1.2301587301587302
96.9530 	EXP 	slider: markerPos = 1.2301587301587302
96.9697 	EXP 	slider: markerPos = 1.2301587301587302
96.9719 	DATA 	Mouse:  Left button up, pos=(450,88)
97.0026 	EXP 	slider: markerPos = 1.2301587301587302
97.0026 	EXP 	slider: rating = 1.2301587301587302
97.0071 	EXP 	window1: mouseVisible = False
97.0074 	EXP 	New trial (rep=1, index=1): OrderedDict([('targetSpeakerName', 'farRight'), ('targetSpeakerEccen', 19.1), ('targetSpkrChannel', 4), ('targetSpkrSound', 'ch1Sound_localizationTask.wav'), ('targetVisualDegrees', 19.1), ('visStimLoc', '(1237, 878)'), ('visStimLoc2', '(277,-202)'), ('visStimW', 285), ('visStimH', -338)])
97.0077 	EXP 	window1: mouseVisible = False
97.0195 	EXP 	respPromptLocal: autoDraw = False
97.0195 	EXP 	slider: autoDraw = False
97.0195 	EXP 	prepFixTxt: autoDraw = True
98.0035 	EXP 	window1: mouseVisible = False
98.1195 	EXP 	prepFixTxt: autoDraw = False
98.1195 	EXP 	prepFixTxt: autoDraw = False
98.1195 	EXP 	prepFixTxt_2: autoDraw = True
99.0276 	EXP 	window1: mouseVisible = True
99.0526 	EXP 	prepFixTxt_2: autoDraw = False
99.0526 	EXP 	respPromptLocal: text = 'Where was the sound?'
99.0526 	EXP 	slider: markerPos = None
99.0526 	EXP 	slider: markerPos = None
99.0526 	EXP 	slider: rating = None
99.0526 	EXP 	respPromptLocal: autoDraw = True
99.0526 	EXP 	slider: autoDraw = True
100.0552 	DATA 	Mouse: Left button down, pos=(1260,105)
100.0696 	EXP 	slider: markerPos = 1.6587301587301586
100.0864 	EXP 	slider: markerPos = 1.6587301587301586
100.1029 	EXP 	slider: markerPos = 1.6587301587301586
100.1198 	EXP 	slider: markerPos = 1.6587301587301586
100.1363 	EXP 	slider: markerPos = 1.6587301587301586
100.1529 	EXP 	slider: markerPos = 1.6587301587301586
100.1695 	EXP 	slider: markerPos = 1.6587301587301586
100.1863 	EXP 	slider: markerPos = 1.6587301587301586
100.1886 	DATA 	Mouse:  Left button up, pos=(1260,105)
100.2041 	EXP 	slider: markerPos = 1.6587301587301586
100.2041 	EXP 	slider: rating = 1.6587301587301586
100.2082 	EXP 	window1: mouseVisible = False
100.2086 	EXP 	New trial (rep=1, index=2): OrderedDict([('targetSpeakerName', 'midRight'), ('targetSpeakerEccen', 13.0), ('targetSpkrChannel', 3), ('targetSpkrSound', 'ch1Sound_localizationTask.wav'), ('targetVisualDegrees', 13.0), ('visStimLoc', '(1142, 878)'), ('visStimLoc2', '(182, -202)'), ('visStimW', 190), ('visStimH', -338)])
100.2089 	EXP 	window1: mouseVisible = False
100.2196 	EXP 	respPromptLocal: autoDraw = False
100.2196 	EXP 	slider: autoDraw = False
100.2196 	EXP 	prepFixTxt: autoDraw = True
101.2036 	EXP 	window1: mouseVisible = False
101.3192 	EXP 	prepFixTxt: autoDraw = False
101.3192 	EXP 	prepFixTxt: autoDraw = False
101.3192 	EXP 	prepFixTxt_2: autoDraw = True
102.2271 	EXP 	window1: mouseVisible = True
102.2526 	EXP 	prepFixTxt_2: autoDraw = False
102.2526 	EXP 	respPromptLocal: text = 'Where was the sound?'
102.2526 	EXP 	slider: markerPos = None
102.2526 	EXP 	slider: markerPos = None
102.2526 	EXP 	slider: rating = None
102.2526 	EXP 	respPromptLocal: autoDraw = True
102.2526 	EXP 	slider: autoDraw = True
103.0887 	DATA 	Mouse: Left button down, pos=(1044,112)
103.1029 	EXP 	slider: markerPos = 1.5444444444444443
103.1196 	EXP 	slider: markerPos = 1.5444444444444443
103.1363 	EXP 	slider: markerPos = 1.5444444444444443
103.1529 	EXP 	slider: markerPos = 1.5444444444444443
103.1696 	EXP 	slider: markerPos = 1.5444444444444443
103.1862 	EXP 	slider: markerPos = 1.5444444444444443
103.1886 	DATA 	Mouse:  Left button up, pos=(1044,112)
103.2041 	EXP 	slider: markerPos = 1.5444444444444443
103.2041 	EXP 	slider: rating = 1.5444444444444443
103.2083 	EXP 	window1: mouseVisible = False
103.2086 	EXP 	New trial (rep=1, index=3): OrderedDict([('targetSpeakerName', 'nearRight'), ('targetSpeakerEccen', 6.5), ('targetSpkrChannel', 0), ('targetSpkrSound', 'ch1Sound_localizationTask.wav'), ('targetVisualDegrees', 6.5), ('visStimLoc', '(1047, 878)'), ('visStimLoc2', '(87, -202)'), ('visStimW', 95), ('visStimH', -338)])
103.2089 	EXP 	window1: mouseVisible = False
103.2195 	EXP 	respPromptLocal: autoDraw = False
103.2195 	EXP 	slider: autoDraw = False
103.2195 	EXP 	prepFixTxt: autoDraw = True
104.2035 	EXP 	window1: mouseVisible = False
104.3193 	EXP 	prepFixTxt: autoDraw = False
104.3193 	EXP 	prepFixTxt: autoDraw = False
104.3193 	EXP 	prepFixTxt_2: autoDraw = True
105.2276 	EXP 	window1: mouseVisible = True
105.2526 	EXP 	prepFixTxt_2: autoDraw = False
105.2526 	EXP 	respPromptLocal: text = 'Where was the sound?'
105.2526 	EXP 	slider: markerPos = None
105.2526 	EXP 	slider: markerPos = None
105.2526 	EXP 	slider: rating = None
105.2526 	EXP 	respPromptLocal: autoDraw = True
105.2526 	EXP 	slider: autoDraw = True
106.0053 	DATA 	Mouse: Left button down, pos=(955,97)
106.0196 	EXP 	slider: markerPos = 1.4973544973544972
106.0362 	EXP 	slider: markerPos = 1.4973544973544972
106.0530 	EXP 	slider: markerPos = 1.4973544973544972
106.0696 	EXP 	slider: markerPos = 1.4973544973544972
106.0862 	EXP 	slider: markerPos = 1.4973544973544972
106.1030 	EXP 	slider: markerPos = 1.4973544973544972
106.1054 	DATA 	Mouse:  Left button up, pos=(955,97)
106.1360 	EXP 	slider: markerPos = 1.4973544973544972
106.1360 	EXP 	slider: rating = 1.4973544973544972
106.1400 	EXP 	window1: mouseVisible = False
106.1404 	EXP 	New trial (rep=1, index=4): OrderedDict([('targetSpeakerName', 'midLeft'), ('targetSpeakerEccen', -13.0), ('targetSpkrChannel', 2), ('targetSpkrSound', 'ch1Sound_localizationTask.wav'), ('targetVisualDegrees', -13.0), ('visStimLoc', '(762, 878)'), ('visStimLoc2', '(-198,-202)'), ('visStimW', -190), ('visStimH', -338)])
106.1407 	EXP 	window1: mouseVisible = False
106.1529 	EXP 	respPromptLocal: autoDraw = False
106.1529 	EXP 	slider: autoDraw = False
106.1529 	EXP 	prepFixTxt: autoDraw = True
107.1369 	EXP 	window1: mouseVisible = False
107.2527 	EXP 	prepFixTxt: autoDraw = False
107.2527 	EXP 	prepFixTxt: autoDraw = False
107.2527 	EXP 	prepFixTxt_2: autoDraw = True
108.1607 	EXP 	window1: mouseVisible = True
108.1860 	EXP 	prepFixTxt_2: autoDraw = False
108.1860 	EXP 	respPromptLocal: text = 'Where was the sound?'
108.1860 	EXP 	slider: markerPos = None
108.1860 	EXP 	slider: markerPos = None
108.1860 	EXP 	slider: rating = None
108.1860 	EXP 	respPromptLocal: autoDraw = True
108.1860 	EXP 	slider: autoDraw = True
109.0718 	DATA 	Mouse: Left button down, pos=(618,104)
109.0863 	EXP 	slider: markerPos = 1.319047619047619
109.1029 	EXP 	slider: markerPos = 1.319047619047619
109.1196 	EXP 	slider: markerPos = 1.319047619047619
109.1364 	EXP 	slider: markerPos = 1.319047619047619
109.1529 	EXP 	slider: markerPos = 1.319047619047619
109.1697 	EXP 	slider: markerPos = 1.319047619047619
109.1777 	DATA 	Mouse:  Left button up, pos=(619,104)
109.1871 	EXP 	slider: markerPos = 1.3195767195767196
109.2191 	EXP 	slider: markerPos = 1.3195767195767196
109.2191 	EXP 	slider: rating = 1.3195767195767196
109.2235 	EXP 	window1: mouseVisible = False
109.2238 	EXP 	New trial (rep=1, index=5): OrderedDict([('targetSpeakerName', 'farRight'), ('targetSpeakerEccen', 19.1), ('targetSpkrChannel', 4), ('targetSpkrSound', 'ch1Sound_localizationTask.wav'), ('targetVisualDegrees', 19.1), ('visStimLoc', '(1237, 878)'), ('visStimLoc2', '(277,-202)'), ('visStimW', 285), ('visStimH', -338)])
109.2241 	EXP 	window1: mouseVisible = False
109.2362 	EXP 	respPromptLocal: autoDraw = False
109.2362 	EXP 	slider: autoDraw = False
109.2362 	EXP 	prepFixTxt: autoDraw = True
110.2203 	EXP 	window1: mouseVisible = False
110.3359 	EXP 	prepFixTxt: autoDraw = False
110.3359 	EXP 	prepFixTxt: autoDraw = False
110.3359 	EXP 	prepFixTxt_2: autoDraw = True
111.2443 	EXP 	window1: mouseVisible = True
111.2693 	EXP 	prepFixTxt_2: autoDraw = False
111.2693 	EXP 	respPromptLocal: text = 'Where was the sound?'
111.2693 	EXP 	slider: markerPos = None
111.2693 	EXP 	slider: markerPos = None
111.2693 	EXP 	slider: rating = None
111.2693 	EXP 	respPromptLocal: autoDraw = True
111.2693 	EXP 	slider: autoDraw = True
111.9221 	DATA 	Mouse: Left button down, pos=(1139,120)
111.9363 	EXP 	slider: markerPos = 1.5947089947089947
111.9530 	EXP 	slider: markerPos = 1.5947089947089947
111.9696 	EXP 	slider: markerPos = 1.5947089947089947
111.9863 	EXP 	slider: markerPos = 1.5947089947089947
112.0029 	EXP 	slider: markerPos = 1.5947089947089947
112.0196 	EXP 	slider: markerPos = 1.5947089947089947
112.0363 	EXP 	slider: markerPos = 1.5947089947089947
112.0529 	EXP 	slider: markerPos = 1.5947089947089947
112.0696 	EXP 	slider: markerPos = 1.5947089947089947
112.0721 	DATA 	Mouse:  Left button up, pos=(1139,120)
112.0876 	EXP 	slider: markerPos = 1.5947089947089947
112.0876 	EXP 	slider: rating = 1.5947089947089947
112.0916 	EXP 	window1: mouseVisible = False
112.0920 	EXP 	New trial (rep=1, index=6): OrderedDict([('targetSpeakerName', 'nearRight'), ('targetSpeakerEccen', 6.5), ('targetSpkrChannel', 0), ('targetSpkrSound', 'ch1Sound_localizationTask.wav'), ('targetVisualDegrees', 6.5), ('visStimLoc', '(1047, 878)'), ('visStimLoc2', '(87, -202)'), ('visStimW', 95), ('visStimH', -338)])
112.0923 	EXP 	window1: mouseVisible = False
112.1029 	EXP 	respPromptLocal: autoDraw = False
112.1029 	EXP 	slider: autoDraw = False
112.1029 	EXP 	prepFixTxt: autoDraw = True
113.0870 	EXP 	window1: mouseVisible = False
113.2028 	EXP 	prepFixTxt: autoDraw = False
113.2028 	EXP 	prepFixTxt: autoDraw = False
113.2028 	EXP 	prepFixTxt_2: autoDraw = True
114.1113 	EXP 	window1: mouseVisible = True
114.1360 	EXP 	prepFixTxt_2: autoDraw = False
114.1360 	EXP 	respPromptLocal: text = 'Where was the sound?'
114.1360 	EXP 	slider: markerPos = None
114.1360 	EXP 	slider: markerPos = None
114.1360 	EXP 	slider: rating = None
114.1360 	EXP 	respPromptLocal: autoDraw = True
114.1360 	EXP 	slider: autoDraw = True
114.8052 	DATA 	Mouse: Left button down, pos=(858,112)
114.8198 	EXP 	slider: markerPos = 1.446031746031746
114.8363 	EXP 	slider: markerPos = 1.446031746031746
114.8529 	EXP 	slider: markerPos = 1.446031746031746
114.8696 	EXP 	slider: markerPos = 1.446031746031746
114.8863 	EXP 	slider: markerPos = 1.446031746031746
114.9030 	EXP 	slider: markerPos = 1.446031746031746
114.9197 	EXP 	slider: markerPos = 1.446031746031746
114.9220 	DATA 	Mouse:  Left button up, pos=(858,112)
114.9527 	EXP 	slider: markerPos = 1.446031746031746
114.9527 	EXP 	slider: rating = 1.446031746031746
114.9570 	EXP 	window1: mouseVisible = False
114.9574 	EXP 	New trial (rep=2, index=0): OrderedDict([('targetSpeakerName', 'midRight'), ('targetSpeakerEccen', 13.0), ('targetSpkrChannel', 3), ('targetSpkrSound', 'ch1Sound_localizationTask.wav'), ('targetVisualDegrees', 13.0), ('visStimLoc', '(1142, 878)'), ('visStimLoc2', '(182, -202)'), ('visStimW', 190), ('visStimH', -338)])
114.9577 	EXP 	window1: mouseVisible = False
114.9696 	EXP 	respPromptLocal: autoDraw = False
114.9696 	EXP 	slider: autoDraw = False
114.9696 	EXP 	prepFixTxt: autoDraw = True
115.9535 	EXP 	window1: mouseVisible = False
116.0693 	EXP 	prepFixTxt: autoDraw = False
116.0693 	EXP 	prepFixTxt: autoDraw = False
116.0693 	EXP 	prepFixTxt_2: autoDraw = True
116.9773 	EXP 	window1: mouseVisible = True
117.0029 	EXP 	prepFixTxt_2: autoDraw = False
117.0029 	EXP 	respPromptLocal: text = 'Where was the sound?'
117.0029 	EXP 	slider: markerPos = None
117.0029 	EXP 	slider: markerPos = None
117.0029 	EXP 	slider: rating = None
117.0029 	EXP 	respPromptLocal: autoDraw = True
117.0029 	EXP 	slider: autoDraw = True
117.7720 	DATA 	Mouse: Left button down, pos=(1048,114)
117.7863 	EXP 	slider: markerPos = 1.5465608465608467
117.8029 	EXP 	slider: markerPos = 1.5465608465608467
117.8196 	EXP 	slider: markerPos = 1.5465608465608467
117.8363 	EXP 	slider: markerPos = 1.5465608465608467
117.8529 	EXP 	slider: markerPos = 1.5465608465608467
117.8697 	EXP 	slider: markerPos = 1.5465608465608467
117.8863 	EXP 	slider: markerPos = 1.5465608465608467
117.8885 	DATA 	Mouse:  Left button up, pos=(1048,114)
117.9039 	EXP 	slider: markerPos = 1.5465608465608467
117.9039 	EXP 	slider: rating = 1.5465608465608467
117.9080 	EXP 	window1: mouseVisible = False
117.9083 	EXP 	New trial (rep=2, index=1): OrderedDict([('targetSpeakerName', 'farLeft'), ('targetSpeakerEccen', -19.1), ('targetSpkrChannel', 5), ('targetSpkrSound', 'ch1Sound_localizationTask.wav'), ('targetVisualDegrees', -19.1), ('visStimLoc', '(667, 878)'), ('visStimLoc2', '(-293,-202)'), ('visStimW', -285), ('visStimH', -338)])
117.9086 	EXP 	window1: mouseVisible = False
117.9196 	EXP 	respPromptLocal: autoDraw = False
117.9196 	EXP 	slider: autoDraw = False
117.9196 	EXP 	prepFixTxt: autoDraw = True
118.9035 	EXP 	window1: mouseVisible = False
119.0193 	EXP 	prepFixTxt: autoDraw = False
119.0193 	EXP 	prepFixTxt: autoDraw = False
119.0193 	EXP 	prepFixTxt_2: autoDraw = True
119.9277 	EXP 	window1: mouseVisible = True
119.9529 	EXP 	prepFixTxt_2: autoDraw = False
119.9529 	EXP 	respPromptLocal: text = 'Where was the sound?'
119.9529 	EXP 	slider: markerPos = None
119.9529 	EXP 	slider: markerPos = None
119.9529 	EXP 	slider: rating = None
119.9529 	EXP 	respPromptLocal: autoDraw = True
119.9529 	EXP 	slider: autoDraw = True
120.7055 	DATA 	Mouse: Left button down, pos=(473,81)
120.7196 	EXP 	slider: markerPos = 1.2423280423280423
120.7362 	EXP 	slider: markerPos = 1.2423280423280423
120.7530 	EXP 	slider: markerPos = 1.2423280423280423
120.7696 	EXP 	slider: markerPos = 1.2423280423280423
120.7863 	EXP 	slider: markerPos = 1.2423280423280423
120.8030 	EXP 	slider: markerPos = 1.2423280423280423
120.8196 	EXP 	slider: markerPos = 1.2423280423280423
120.8275 	DATA 	Mouse:  Left button up, pos=(473,82)
120.8365 	EXP 	slider: markerPos = 1.2423280423280423
120.8543 	EXP 	slider: markerPos = 1.2423280423280423
120.8543 	EXP 	slider: rating = 1.2423280423280423
120.8584 	EXP 	window1: mouseVisible = False
120.8588 	EXP 	New trial (rep=2, index=2): OrderedDict([('targetSpeakerName', 'midLeft'), ('targetSpeakerEccen', -13.0), ('targetSpkrChannel', 2), ('targetSpkrSound', 'ch1Sound_localizationTask.wav'), ('targetVisualDegrees', -13.0), ('visStimLoc', '(762, 878)'), ('visStimLoc2', '(-198,-202)'), ('visStimW', -190), ('visStimH', -338)])
120.8591 	EXP 	window1: mouseVisible = False
120.8698 	EXP 	respPromptLocal: autoDraw = False
120.8698 	EXP 	slider: autoDraw = False
120.8698 	EXP 	prepFixTxt: autoDraw = True
121.8536 	EXP 	window1: mouseVisible = False
121.9693 	EXP 	prepFixTxt: autoDraw = False
121.9693 	EXP 	prepFixTxt: autoDraw = False
121.9693 	EXP 	prepFixTxt_2: autoDraw = True
122.8778 	EXP 	window1: mouseVisible = True
122.9028 	EXP 	prepFixTxt_2: autoDraw = False
122.9028 	EXP 	respPromptLocal: text = 'Where was the sound?'
122.9028 	EXP 	slider: markerPos = None
122.9028 	EXP 	slider: markerPos = None
122.9028 	EXP 	slider: rating = None
122.9028 	EXP 	respPromptLocal: autoDraw = True
122.9028 	EXP 	slider: autoDraw = True
124.1219 	DATA 	Mouse: Left button down, pos=(658,100)
124.1363 	EXP 	slider: markerPos = 1.3402116402116402
124.1530 	EXP 	slider: markerPos = 1.3402116402116402
124.1697 	EXP 	slider: markerPos = 1.3402116402116402
124.1862 	EXP 	slider: markerPos = 1.3402116402116402
124.2031 	EXP 	slider: markerPos = 1.3402116402116402
124.2195 	EXP 	slider: markerPos = 1.3402116402116402
124.2364 	EXP 	slider: markerPos = 1.3402116402116402
124.2529 	EXP 	slider: markerPos = 1.3402116402116402
124.2554 	DATA 	Mouse:  Left button up, pos=(658,100)
124.2720 	EXP 	slider: markerPos = 1.3402116402116402
124.2720 	EXP 	slider: rating = 1.3402116402116402
124.2760 	EXP 	window1: mouseVisible = False
124.2763 	EXP 	New trial (rep=2, index=3): OrderedDict([('targetSpeakerName', 'midRight'), ('targetSpeakerEccen', 13.0), ('targetSpkrChannel', 3), ('targetSpkrSound', 'ch1Sound_localizationTask.wav'), ('targetVisualDegrees', 13.0), ('visStimLoc', '(1142, 878)'), ('visStimLoc2', '(182, -202)'), ('visStimW', 190), ('visStimH', -338)])
124.2766 	EXP 	window1: mouseVisible = False
124.2871 	EXP 	respPromptLocal: autoDraw = False
124.2871 	EXP 	slider: autoDraw = False
124.2871 	EXP 	prepFixTxt: autoDraw = True
125.2703 	EXP 	window1: mouseVisible = False
125.3860 	EXP 	prepFixTxt: autoDraw = False
125.3860 	EXP 	prepFixTxt: autoDraw = False
125.3860 	EXP 	prepFixTxt_2: autoDraw = True
126.2945 	EXP 	window1: mouseVisible = True
126.3194 	EXP 	prepFixTxt_2: autoDraw = False
126.3194 	EXP 	respPromptLocal: text = 'Where was the sound?'
126.3194 	EXP 	slider: markerPos = None
126.3194 	EXP 	slider: markerPos = None
126.3194 	EXP 	slider: rating = None
126.3194 	EXP 	respPromptLocal: autoDraw = True
126.3194 	EXP 	slider: autoDraw = True
127.1552 	DATA 	Mouse: Left button down, pos=(1121,113)
127.1697 	EXP 	slider: markerPos = 1.585185185185185
127.1863 	EXP 	slider: markerPos = 1.585185185185185
127.2030 	EXP 	slider: markerPos = 1.585185185185185
127.2196 	EXP 	slider: markerPos = 1.585185185185185
127.2363 	EXP 	slider: markerPos = 1.585185185185185
127.2529 	EXP 	slider: markerPos = 1.585185185185185
127.2696 	EXP 	slider: markerPos = 1.585185185185185
127.2864 	EXP 	slider: markerPos = 1.585185185185185
127.2887 	DATA 	Mouse:  Left button up, pos=(1121,113)
127.3044 	EXP 	slider: markerPos = 1.585185185185185
127.3044 	EXP 	slider: rating = 1.585185185185185
127.3085 	EXP 	window1: mouseVisible = False
127.3089 	EXP 	New trial (rep=2, index=4): OrderedDict([('targetSpeakerName', 'center'), ('targetSpeakerEccen', 0.0), ('targetSpkrChannel', 6), ('targetSpkrSound', 'ch1Sound_localizationTask.wav'), ('targetVisualDegrees', 0.0), ('visStimLoc', '(952, 878)'), ('visStimLoc2', '(-8,-202)'), ('visStimW', 0), ('visStimH', -338)])
127.3091 	EXP 	window1: mouseVisible = False
127.3196 	EXP 	respPromptLocal: autoDraw = False
127.3196 	EXP 	slider: autoDraw = False
127.3196 	EXP 	prepFixTxt: autoDraw = True
128.3036 	EXP 	window1: mouseVisible = False
128.4193 	EXP 	prepFixTxt: autoDraw = False
128.4193 	EXP 	prepFixTxt: autoDraw = False
128.4193 	EXP 	prepFixTxt_2: autoDraw = True
129.3276 	EXP 	window1: mouseVisible = True
129.3526 	EXP 	prepFixTxt_2: autoDraw = False
129.3526 	EXP 	respPromptLocal: text = 'Where was the sound?'
129.3526 	EXP 	slider: markerPos = None
129.3526 	EXP 	slider: markerPos = None
129.3526 	EXP 	slider: rating = None
129.3526 	EXP 	respPromptLocal: autoDraw = True
129.3526 	EXP 	slider: autoDraw = True
129.9220 	DATA 	Mouse: Left button down, pos=(896,104)
129.9362 	EXP 	slider: markerPos = 1.4661375661375662
129.9530 	EXP 	slider: markerPos = 1.4661375661375662
129.9697 	EXP 	slider: markerPos = 1.4661375661375662
129.9862 	EXP 	slider: markerPos = 1.4661375661375662
130.0030 	EXP 	slider: markerPos = 1.4661375661375662
130.0197 	EXP 	slider: markerPos = 1.4661375661375662
130.0274 	DATA 	Mouse:  Left button up, pos=(897,104)
130.0365 	EXP 	slider: markerPos = 1.4666666666666668
130.0553 	EXP 	slider: markerPos = 1.4666666666666668
130.0553 	EXP 	slider: rating = 1.4666666666666668
130.0593 	EXP 	window1: mouseVisible = False
130.0597 	EXP 	New trial (rep=2, index=5): OrderedDict([('targetSpeakerName', 'midLeft'), ('targetSpeakerEccen', -13.0), ('targetSpkrChannel', 2), ('targetSpkrSound', 'ch1Sound_localizationTask.wav'), ('targetVisualDegrees', -13.0), ('visStimLoc', '(762, 878)'), ('visStimLoc2', '(-198,-202)'), ('visStimW', -190), ('visStimH', -338)])
130.0600 	EXP 	window1: mouseVisible = False
130.0709 	EXP 	respPromptLocal: autoDraw = False
130.0709 	EXP 	slider: autoDraw = False
130.0709 	EXP 	prepFixTxt: autoDraw = True
131.0701 	EXP 	window1: mouseVisible = False
131.1861 	EXP 	prepFixTxt: autoDraw = False
131.1861 	EXP 	prepFixTxt_2: autoDraw = True
132.0774 	EXP 	window1: mouseVisible = True
132.1026 	EXP 	prepFixTxt_2: autoDraw = False
132.1026 	EXP 	respPromptLocal: text = 'Where was the sound?'
132.1026 	EXP 	slider: markerPos = None
132.1026 	EXP 	slider: markerPos = None
132.1026 	EXP 	slider: rating = None
132.1026 	EXP 	respPromptLocal: autoDraw = True
132.1026 	EXP 	slider: autoDraw = True
133.3554 	DATA 	Mouse: Left button down, pos=(763,97)
133.3696 	EXP 	slider: markerPos = 1.3957671957671958
133.3864 	EXP 	slider: markerPos = 1.3957671957671958
133.4030 	EXP 	slider: markerPos = 1.3957671957671958
133.4196 	EXP 	slider: markerPos = 1.3957671957671958
133.4364 	EXP 	slider: markerPos = 1.3957671957671958
133.4531 	EXP 	slider: markerPos = 1.3957671957671958
133.4696 	EXP 	slider: markerPos = 1.3957671957671958
133.4719 	DATA 	Mouse:  Left button up, pos=(763,97)
133.4874 	EXP 	slider: markerPos = 1.3957671957671958
133.4874 	EXP 	slider: rating = 1.3957671957671958
133.4923 	EXP 	window1: mouseVisible = False
133.4926 	EXP 	New trial (rep=2, index=6): OrderedDict([('targetSpeakerName', 'nearRight'), ('targetSpeakerEccen', 6.5), ('targetSpkrChannel', 0), ('targetSpkrSound', 'ch1Sound_localizationTask.wav'), ('targetVisualDegrees', 6.5), ('visStimLoc', '(1047, 878)'), ('visStimLoc2', '(87, -202)'), ('visStimW', 95), ('visStimH', -338)])
133.4929 	EXP 	window1: mouseVisible = False
133.5037 	EXP 	respPromptLocal: autoDraw = False
133.5037 	EXP 	slider: autoDraw = False
133.5037 	EXP 	prepFixTxt: autoDraw = True
134.4869 	EXP 	window1: mouseVisible = False
134.6027 	EXP 	prepFixTxt: autoDraw = False
134.6027 	EXP 	prepFixTxt: autoDraw = False
134.6027 	EXP 	prepFixTxt_2: autoDraw = True
135.5108 	EXP 	window1: mouseVisible = True
135.5359 	EXP 	prepFixTxt_2: autoDraw = False
135.5359 	EXP 	respPromptLocal: text = 'Where was the sound?'
135.5359 	EXP 	slider: markerPos = None
135.5359 	EXP 	slider: markerPos = None
135.5359 	EXP 	slider: rating = None
135.5359 	EXP 	respPromptLocal: autoDraw = True
135.5359 	EXP 	slider: autoDraw = True
136.3055 	DATA 	Mouse: Left button down, pos=(965,95)
136.3197 	EXP 	slider: markerPos = 1.5026455026455028
136.3363 	EXP 	slider: markerPos = 1.5026455026455028
136.3531 	EXP 	slider: markerPos = 1.5026455026455028
136.3696 	EXP 	slider: markerPos = 1.5026455026455028
136.3863 	EXP 	slider: markerPos = 1.5026455026455028
136.4030 	EXP 	slider: markerPos = 1.5026455026455028
136.4101 	DATA 	Mouse:  Left button up, pos=(965,95)
136.4196 	EXP 	slider: markerPos = 1.5026455026455028
136.4368 	EXP 	slider: markerPos = 1.5026455026455028
136.4368 	EXP 	slider: rating = 1.5026455026455028
136.4409 	EXP 	window1: mouseVisible = False
136.4412 	EXP 	New trial (rep=3, index=0): OrderedDict([('targetSpeakerName', 'center'), ('targetSpeakerEccen', 0.0), ('targetSpkrChannel', 6), ('targetSpkrSound', 'ch1Sound_localizationTask.wav'), ('targetVisualDegrees', 0.0), ('visStimLoc', '(952, 878)'), ('visStimLoc2', '(-8,-202)'), ('visStimW', 0), ('visStimH', -338)])
136.4415 	EXP 	window1: mouseVisible = False
136.4530 	EXP 	respPromptLocal: autoDraw = False
136.4530 	EXP 	slider: autoDraw = False
136.4530 	EXP 	prepFixTxt: autoDraw = True
137.4372 	EXP 	window1: mouseVisible = False
137.5529 	EXP 	prepFixTxt: autoDraw = False
137.5529 	EXP 	prepFixTxt: autoDraw = False
137.5529 	EXP 	prepFixTxt_2: autoDraw = True
138.4612 	EXP 	window1: mouseVisible = True
138.4862 	EXP 	prepFixTxt_2: autoDraw = False
138.4862 	EXP 	respPromptLocal: text = 'Where was the sound?'
138.4862 	EXP 	slider: markerPos = None
138.4862 	EXP 	slider: markerPos = None
138.4862 	EXP 	slider: rating = None
138.4862 	EXP 	respPromptLocal: autoDraw = True
138.4862 	EXP 	slider: autoDraw = True
139.0219 	DATA 	Mouse: Left button down, pos=(851,112)
139.0364 	EXP 	slider: markerPos = 1.4423280423280422
139.0530 	EXP 	slider: markerPos = 1.4423280423280422
139.0696 	EXP 	slider: markerPos = 1.4423280423280422
139.0863 	EXP 	slider: markerPos = 1.4423280423280422
139.1030 	EXP 	slider: markerPos = 1.4423280423280422
139.1196 	EXP 	slider: markerPos = 1.4423280423280422
139.1364 	EXP 	slider: markerPos = 1.4423280423280422
139.1434 	DATA 	Mouse:  Left button up, pos=(851,112)
139.1529 	EXP 	slider: markerPos = 1.4423280423280422
139.1702 	EXP 	slider: markerPos = 1.4423280423280422
139.1702 	EXP 	slider: rating = 1.4423280423280422
139.1744 	EXP 	window1: mouseVisible = False
139.1748 	EXP 	New trial (rep=3, index=1): OrderedDict([('targetSpeakerName', 'nearRight'), ('targetSpeakerEccen', 6.5), ('targetSpkrChannel', 0), ('targetSpkrSound', 'ch1Sound_localizationTask.wav'), ('targetVisualDegrees', 6.5), ('visStimLoc', '(1047, 878)'), ('visStimLoc2', '(87, -202)'), ('visStimW', 95), ('visStimH', -338)])
139.1752 	EXP 	window1: mouseVisible = False
139.1864 	EXP 	respPromptLocal: autoDraw = False
139.1864 	EXP 	slider: autoDraw = False
139.1864 	EXP 	prepFixTxt: autoDraw = True
140.1703 	EXP 	window1: mouseVisible = False
140.2863 	EXP 	prepFixTxt: autoDraw = False
140.2863 	EXP 	prepFixTxt: autoDraw = False
140.2863 	EXP 	prepFixTxt_2: autoDraw = True
141.1939 	EXP 	window1: mouseVisible = True
141.2193 	EXP 	prepFixTxt_2: autoDraw = False
141.2193 	EXP 	respPromptLocal: text = 'Where was the sound?'
141.2193 	EXP 	slider: markerPos = None
141.2193 	EXP 	slider: markerPos = None
141.2193 	EXP 	slider: rating = None
141.2193 	EXP 	respPromptLocal: autoDraw = True
141.2193 	EXP 	slider: autoDraw = True
141.8068 	DATA 	Mouse: Left button down, pos=(927,102)
141.8364 	EXP 	slider: markerPos = 1.4825396825396826
141.8531 	EXP 	slider: markerPos = 1.4825396825396826
141.8697 	EXP 	slider: markerPos = 1.4825396825396826
141.8865 	EXP 	slider: markerPos = 1.4825396825396826
141.9029 	EXP 	slider: markerPos = 1.4825396825396826
141.9198 	EXP 	slider: markerPos = 1.4825396825396826
141.9225 	DATA 	Mouse:  Left button up, pos=(927,102)
141.9380 	EXP 	slider: markerPos = 1.4825396825396826
141.9380 	EXP 	slider: rating = 1.4825396825396826
141.9420 	EXP 	window1: mouseVisible = False
141.9424 	EXP 	New trial (rep=3, index=2): OrderedDict([('targetSpeakerName', 'midLeft'), ('targetSpeakerEccen', -13.0), ('targetSpkrChannel', 2), ('targetSpkrSound', 'ch1Sound_localizationTask.wav'), ('targetVisualDegrees', -13.0), ('visStimLoc', '(762, 878)'), ('visStimLoc2', '(-198,-202)'), ('visStimW', -190), ('visStimH', -338)])
141.9427 	EXP 	window1: mouseVisible = False
141.9530 	EXP 	respPromptLocal: autoDraw = False
141.9530 	EXP 	slider: autoDraw = False
141.9530 	EXP 	prepFixTxt: autoDraw = True
142.9371 	EXP 	window1: mouseVisible = False
143.0527 	EXP 	prepFixTxt: autoDraw = False
143.0527 	EXP 	prepFixTxt: autoDraw = False
143.0527 	EXP 	prepFixTxt_2: autoDraw = True
143.9612 	EXP 	window1: mouseVisible = True
143.9861 	EXP 	prepFixTxt_2: autoDraw = False
143.9861 	EXP 	respPromptLocal: text = 'Where was the sound?'
143.9861 	EXP 	slider: markerPos = None
143.9861 	EXP 	slider: markerPos = None
143.9861 	EXP 	slider: rating = None
143.9861 	EXP 	respPromptLocal: autoDraw = True
143.9861 	EXP 	slider: autoDraw = True
144.6720 	DATA 	Mouse: Left button down, pos=(578,101)
144.6864 	EXP 	slider: markerPos = 1.2978835978835979
144.7030 	EXP 	slider: markerPos = 1.2978835978835979
144.7199 	EXP 	slider: markerPos = 1.2978835978835979
144.7365 	EXP 	slider: markerPos = 1.2978835978835979
144.7532 	EXP 	slider: markerPos = 1.2984126984126985
144.7697 	EXP 	slider: markerPos = 1.2984126984126985
144.7779 	DATA 	Mouse:  Left button up, pos=(580,102)
144.7871 	EXP 	slider: markerPos = 1.298941798941799
144.8193 	EXP 	slider: markerPos = 1.298941798941799
144.8193 	EXP 	slider: rating = 1.298941798941799
144.8238 	EXP 	window1: mouseVisible = False
144.8241 	EXP 	New trial (rep=3, index=3): OrderedDict([('targetSpeakerName', 'farLeft'), ('targetSpeakerEccen', -19.1), ('targetSpkrChannel', 5), ('targetSpkrSound', 'ch1Sound_localizationTask.wav'), ('targetVisualDegrees', -19.1), ('visStimLoc', '(667, 878)'), ('visStimLoc2', '(-293,-202)'), ('visStimW', -285), ('visStimH', -338)])
144.8244 	EXP 	window1: mouseVisible = False
144.8363 	EXP 	respPromptLocal: autoDraw = False
144.8363 	EXP 	slider: autoDraw = False
144.8363 	EXP 	prepFixTxt: autoDraw = True
145.8204 	EXP 	window1: mouseVisible = False
145.9360 	EXP 	prepFixTxt: autoDraw = False
145.9360 	EXP 	prepFixTxt: autoDraw = False
145.9360 	EXP 	prepFixTxt_2: autoDraw = True
146.8446 	EXP 	window1: mouseVisible = True
146.8694 	EXP 	prepFixTxt_2: autoDraw = False
146.8694 	EXP 	respPromptLocal: text = 'Where was the sound?'
146.8694 	EXP 	slider: markerPos = None
146.8694 	EXP 	slider: markerPos = None
146.8694 	EXP 	slider: rating = None
146.8694 	EXP 	respPromptLocal: autoDraw = True
146.8694 	EXP 	slider: autoDraw = True
148.3054 	DATA 	Mouse: Left button down, pos=(777,110)
148.3197 	EXP 	slider: markerPos = 1.403174603174603
148.3364 	EXP 	slider: markerPos = 1.403174603174603
148.3532 	EXP 	slider: markerPos = 1.403174603174603
148.3697 	EXP 	slider: markerPos = 1.403174603174603
148.3863 	EXP 	slider: markerPos = 1.403174603174603
148.4030 	EXP 	slider: markerPos = 1.403174603174603
148.4053 	DATA 	Mouse:  Left button up, pos=(777,110)
148.4211 	EXP 	slider: markerPos = 1.403174603174603
148.4211 	EXP 	slider: rating = 1.403174603174603
148.4251 	EXP 	window1: mouseVisible = False
148.4254 	EXP 	New trial (rep=3, index=4): OrderedDict([('targetSpeakerName', 'farLeft'), ('targetSpeakerEccen', -19.1), ('targetSpkrChannel', 5), ('targetSpkrSound', 'ch1Sound_localizationTask.wav'), ('targetVisualDegrees', -19.1), ('visStimLoc', '(667, 878)'), ('visStimLoc2', '(-293,-202)'), ('visStimW', -285), ('visStimH', -338)])
148.4257 	EXP 	window1: mouseVisible = False
148.4363 	EXP 	respPromptLocal: autoDraw = False
148.4363 	EXP 	slider: autoDraw = False
148.4363 	EXP 	prepFixTxt: autoDraw = True
149.4203 	EXP 	window1: mouseVisible = False
149.5360 	EXP 	prepFixTxt: autoDraw = False
149.5360 	EXP 	prepFixTxt: autoDraw = False
149.5360 	EXP 	prepFixTxt_2: autoDraw = True
150.4440 	EXP 	window1: mouseVisible = True
150.4694 	EXP 	prepFixTxt_2: autoDraw = False
150.4694 	EXP 	respPromptLocal: text = 'Where was the sound?'
150.4694 	EXP 	slider: markerPos = None
150.4694 	EXP 	slider: markerPos = None
150.4694 	EXP 	slider: rating = None
150.4694 	EXP 	respPromptLocal: autoDraw = True
150.4694 	EXP 	slider: autoDraw = True
151.2887 	DATA 	Mouse: Left button down, pos=(606,109)
151.3030 	EXP 	slider: markerPos = 1.3126984126984127
151.3196 	EXP 	slider: markerPos = 1.3126984126984127
151.3363 	EXP 	slider: markerPos = 1.3126984126984127
151.3531 	EXP 	slider: markerPos = 1.3126984126984127
151.3696 	EXP 	slider: markerPos = 1.312169312169312
151.3770 	DATA 	Mouse:  Left button up, pos=(605,109)
151.3865 	EXP 	slider: markerPos = 1.312169312169312
151.4194 	EXP 	slider: markerPos = 1.312169312169312
151.4194 	EXP 	slider: rating = 1.312169312169312
151.4237 	EXP 	window1: mouseVisible = False
151.4240 	EXP 	New trial (rep=3, index=5): OrderedDict([('targetSpeakerName', 'nearLeft'), ('targetSpeakerEccen', -6.5), ('targetSpkrChannel', 1), ('targetSpkrSound', 'ch1Sound_localizationTask.wav'), ('targetVisualDegrees', -6.5), ('visStimLoc', '(857, 878)'), ('visStimLoc2', '(-103,-202)'), ('visStimW', -95), ('visStimH', -338)])
151.4243 	EXP 	window1: mouseVisible = False
151.4363 	EXP 	respPromptLocal: autoDraw = False
151.4363 	EXP 	slider: autoDraw = False
151.4363 	EXP 	prepFixTxt: autoDraw = True
152.4203 	EXP 	window1: mouseVisible = False
152.5360 	EXP 	prepFixTxt: autoDraw = False
152.5360 	EXP 	prepFixTxt: autoDraw = False
152.5360 	EXP 	prepFixTxt_2: autoDraw = True
153.4444 	EXP 	window1: mouseVisible = True
153.4693 	EXP 	prepFixTxt_2: autoDraw = False
153.4693 	EXP 	respPromptLocal: text = 'Where was the sound?'
153.4693 	EXP 	slider: markerPos = None
153.4693 	EXP 	slider: markerPos = None
153.4693 	EXP 	slider: rating = None
153.4693 	EXP 	respPromptLocal: autoDraw = True
153.4693 	EXP 	slider: autoDraw = True
154.1887 	DATA 	Mouse: Left button down, pos=(755,100)
154.2030 	EXP 	slider: markerPos = 1.3915343915343916
154.2197 	EXP 	slider: markerPos = 1.3915343915343916
154.2363 	EXP 	slider: markerPos = 1.3915343915343916
154.2530 	EXP 	slider: markerPos = 1.3915343915343916
154.2696 	EXP 	slider: markerPos = 1.3915343915343916
154.2865 	EXP 	slider: markerPos = 1.3915343915343916
154.3030 	EXP 	slider: markerPos = 1.3915343915343916
154.3198 	EXP 	slider: markerPos = 1.3915343915343916
154.3221 	DATA 	Mouse:  Left button up, pos=(755,100)
154.3375 	EXP 	slider: markerPos = 1.3915343915343916
154.3375 	EXP 	slider: rating = 1.3915343915343916
154.3416 	EXP 	window1: mouseVisible = False
154.3420 	EXP 	New trial (rep=3, index=6): OrderedDict([('targetSpeakerName', 'nearLeft'), ('targetSpeakerEccen', -6.5), ('targetSpkrChannel', 1), ('targetSpkrSound', 'ch1Sound_localizationTask.wav'), ('targetVisualDegrees', -6.5), ('visStimLoc', '(857, 878)'), ('visStimLoc2', '(-103,-202)'), ('visStimW', -95), ('visStimH', -338)])
154.3423 	EXP 	window1: mouseVisible = False
154.3530 	EXP 	respPromptLocal: autoDraw = False
154.3530 	EXP 	slider: autoDraw = False
154.3530 	EXP 	prepFixTxt: autoDraw = True
155.3370 	EXP 	window1: mouseVisible = False
155.4526 	EXP 	prepFixTxt: autoDraw = False
155.4526 	EXP 	prepFixTxt: autoDraw = False
155.4526 	EXP 	prepFixTxt_2: autoDraw = True
156.3621 	EXP 	window1: mouseVisible = True
156.3861 	EXP 	prepFixTxt_2: autoDraw = False
156.3861 	EXP 	respPromptLocal: text = 'Where was the sound?'
156.3861 	EXP 	slider: markerPos = None
156.3861 	EXP 	slider: markerPos = None
156.3861 	EXP 	slider: rating = None
156.3861 	EXP 	respPromptLocal: autoDraw = True
156.3861 	EXP 	slider: autoDraw = True
156.8556 	DATA 	Mouse: Left button down, pos=(748,110)
156.8697 	EXP 	slider: markerPos = 1.3878306878306879
156.8864 	EXP 	slider: markerPos = 1.3878306878306879
156.9030 	EXP 	slider: markerPos = 1.3878306878306879
156.9197 	EXP 	slider: markerPos = 1.3878306878306879
156.9363 	EXP 	slider: markerPos = 1.3878306878306879
156.9530 	EXP 	slider: markerPos = 1.3878306878306879
156.9697 	EXP 	slider: markerPos = 1.3878306878306879
156.9863 	EXP 	slider: markerPos = 1.3878306878306879
157.0030 	EXP 	slider: markerPos = 1.3878306878306879
157.0101 	DATA 	Mouse:  Left button up, pos=(748,110)
157.0196 	EXP 	slider: markerPos = 1.3878306878306879
157.0368 	EXP 	slider: markerPos = 1.3878306878306879
157.0368 	EXP 	slider: rating = 1.3878306878306879
157.0411 	EXP 	window1: mouseVisible = False
157.0415 	EXP 	New trial (rep=4, index=0): OrderedDict([('targetSpeakerName', 'nearLeft'), ('targetSpeakerEccen', -6.5), ('targetSpkrChannel', 1), ('targetSpkrSound', 'ch1Sound_localizationTask.wav'), ('targetVisualDegrees', -6.5), ('visStimLoc', '(857, 878)'), ('visStimLoc2', '(-103,-202)'), ('visStimW', -95), ('visStimH', -338)])
157.0419 	EXP 	window1: mouseVisible = False
157.0530 	EXP 	respPromptLocal: autoDraw = False
157.0530 	EXP 	slider: autoDraw = False
157.0530 	EXP 	prepFixTxt: autoDraw = True
158.0370 	EXP 	window1: mouseVisible = False
158.1527 	EXP 	prepFixTxt: autoDraw = False
158.1527 	EXP 	prepFixTxt: autoDraw = False
158.1527 	EXP 	prepFixTxt_2: autoDraw = True
159.0606 	EXP 	window1: mouseVisible = True
159.0860 	EXP 	prepFixTxt_2: autoDraw = False
159.0860 	EXP 	respPromptLocal: text = 'Where was the sound?'
159.0860 	EXP 	slider: markerPos = None
159.0860 	EXP 	slider: markerPos = None
159.0860 	EXP 	slider: rating = None
159.0860 	EXP 	respPromptLocal: autoDraw = True
159.0860 	EXP 	slider: autoDraw = True
165.6568 	DATA 	Keypress: escape
166.1183 	EXP 	window1: mouseVisible = True
