1.7920 	WARNING 	We strongly recommend you activate the PTB sound engine in PsychoPy prefs as the preferred audio engine. Its timing is vastly superior. Your prefs are currently set to use ['pyo'] (in that order).
13.7112 	EXP 	Created window1 = Window(allowGUI=False, allowStencil=False, autoLog=True, backendConf=UNKNOWN, bitsMode=UNKNOWN, blendMode='avg', bpc=(8, 8, 8), color=array([-1, -1, -1]), colorSpace='rgb', depthBits=8, fullscr=<method-wrapper '__getattribute__' of attributeSetter object at 0x7ff8b5078ba8>, gamma=None, gammaErrorPolicy='raise', lms=UNKNOWN, monitor=<psychopy.monitors.calibTools.Monitor object at 0x7ff8d35cb7b8>, multiSample=False, name='window1', numSamples=2, pos=[0.0, 0.0], screen=0, size=array([1920, 1080]), stencilBits=0, stereo=False, units='height', useFBO=True, useRetina=False, viewOri=0.0, viewPos=None, viewScale=None, waitBlanking=True, winType='pyglet')
13.7115 	EXP 	window1: mouseVisible = True
13.7116 	EXP 	window1: recordFrameIntervals = False
13.8773 	EXP 	window1: recordFrameIntervals = True
14.0607 	EXP 	window1: recordFrameIntervals = False
14.7851 	EXP 	Created text_2 = TextStim(__class__=<class 'psychopy.visual.text.TextStim'>, alignHoriz=method-wrapper(...), alignText='center', alignVert=method-wrapper(...), anchorHoriz='center', anchorVert='center', antialias=True, autoLog=True, bold=False, color=array([1., 1., 1.]), colorSpace='rgb', contrast=1.0, depth=-2.0, flipHoriz=False, flipVert=False, font='Open Sans', fontFiles=[], height=0.1, italic=False, languageStyle='LTR', name='text_2', opacity=1, ori=0.0, pos=array([0., 0.]), rgb=UNKNOWN, text='Press space to begin', units='height', win=Window(...), wrapWidth=1)
14.8283 	EXP 	Created text_3 = TextStim(__class__=<class 'psychopy.visual.text.TextStim'>, alignHoriz=method-wrapper(...), alignText='center', alignVert=method-wrapper(...), anchorHoriz='center', anchorVert='center', antialias=True, autoLog=True, bold=False, color=array([1., 1., 1.]), colorSpace='rgb', contrast=1.0, depth=0.0, flipHoriz=False, flipVert=False, font='Open Sans', fontFiles=[], height=0.025, italic=False, languageStyle='LTR', name='text_3', opacity=1, ori=0.0, pos=array([0., 0.]), rgb=UNKNOWN, text=str(...), units='height', win=Window(...), wrapWidth=1)
14.8508 	EXP 	Created text_5 = TextStim(__class__=<class 'psychopy.visual.text.TextStim'>, alignHoriz=method-wrapper(...), alignText='center', alignVert=method-wrapper(...), anchorHoriz='center', anchorVert='center', antialias=True, autoLog=True, bold=False, color=array([1., 1., 1.]), colorSpace='rgb', contrast=1.0, depth=0.0, flipHoriz=False, flipVert=False, font='Open Sans', fontFiles=[], height=0.03, italic=False, languageStyle='LTR', name='text_5', opacity=1, ori=0.0, pos=array([0., 0.]), rgb=UNKNOWN, text='', units='height', win=Window(...), wrapWidth=1)
14.8576 	EXP 	Created fixCross = TextStim(__class__=<class 'psychopy.visual.text.TextStim'>, alignHoriz=method-wrapper(...), alignText='center', alignVert=method-wrapper(...), anchorHoriz='center', anchorVert='center', antialias=True, autoLog=True, bold=False, color=array([1., 1., 1.]), colorSpace='rgb', contrast=1.0, depth=-1.0, flipHoriz=False, flipVert=False, font='Open Sans', fontFiles=[], height=0.075, italic=False, languageStyle='LTR', name='fixCross', opacity=1, ori=0.0, pos=array([0., 0.]), rgb=UNKNOWN, text='+', units='height', win=Window(...), wrapWidth=1)
14.8612 	EXP 	Created fixCross2 = TextStim(__class__=<class 'psychopy.visual.text.TextStim'>, alignHoriz=method-wrapper(...), alignText='center', alignVert=method-wrapper(...), anchorHoriz='center', anchorVert='center', antialias=True, autoLog=True, bold=False, color=array([1., 1., 1.]), colorSpace='rgb', contrast=1.0, depth=-2.0, flipHoriz=False, flipVert=False, font='Open Sans', fontFiles=[], height=0.075, italic=False, languageStyle='LTR', name='fixCross2', opacity=1.0, ori=0.0, pos=array([0., 0.]), rgb=UNKNOWN, text='+', units='height', win=Window(...), wrapWidth=1)
14.8794 	EXP 	Created answerPrompt = TextStim(__class__=<class 'psychopy.visual.text.TextStim'>, alignHoriz=method-wrapper(...), alignText='center', alignVert=method-wrapper(...), anchorHoriz='center', anchorVert='center', antialias=True, autoLog=True, bold=False, color=array([1., 1., 1.]), colorSpace='rgb', contrast=1.0, depth=0.0, flipHoriz=False, flipVert=False, font='Open Sans', fontFiles=[], height=0.03, italic=False, languageStyle='LTR', name='answerPrompt', opacity=1, ori=0.0, pos=array([0.  , 0.15]), rgb=UNKNOWN, text='Type the word you heard:', units='height', win=Window(...), wrapWidth=1)
14.9151 	EXP 	Created stretchBreakTxrt = TextStim(__class__=<class 'psychopy.visual.text.TextStim'>, alignHoriz=method-wrapper(...), alignText='center', alignVert=method-wrapper(...), anchorHoriz='center', anchorVert='center', antialias=True, autoLog=True, bold=False, color=array([1., 1., 1.]), colorSpace='rgb', contrast=1.0, depth=0.0, flipHoriz=False, flipVert=False, font='Open Sans', fontFiles=[], height=0.03, italic=False, languageStyle='LTR', name='stretchBreakTxrt', opacity=1, ori=0.0, pos=array([0., 0.]), rgb=UNKNOWN, text='', units='height', win=Window(...), wrapWidth=1)
14.9374 	EXP 	Created fixCross = TextStim(__class__=<class 'psychopy.visual.text.TextStim'>, alignHoriz=method-wrapper(...), alignText='center', alignVert=method-wrapper(...), anchorHoriz='center', anchorVert='center', antialias=True, autoLog=True, bold=False, color=array([1., 1., 1.]), colorSpace='rgb', contrast=1.0, depth=-1.0, flipHoriz=False, flipVert=False, font='Open Sans', fontFiles=[], height=0.075, italic=False, languageStyle='LTR', name='fixCross', opacity=1, ori=0.0, pos=array([0., 0.]), rgb=UNKNOWN, text='+', units='height', win=Window(...), wrapWidth=1)
14.9410 	EXP 	Created fixCross2 = TextStim(__class__=<class 'psychopy.visual.text.TextStim'>, alignHoriz=method-wrapper(...), alignText='center', alignVert=method-wrapper(...), anchorHoriz='center', anchorVert='center', antialias=True, autoLog=True, bold=False, color=array([1., 1., 1.]), colorSpace='rgb', contrast=1.0, depth=-2.0, flipHoriz=False, flipVert=False, font='Open Sans', fontFiles=[], height=0.075, italic=False, languageStyle='LTR', name='fixCross2', opacity=1.0, ori=0.0, pos=array([0., 0.]), rgb=UNKNOWN, text='+', units='height', win=Window(...), wrapWidth=1)
14.9459 	EXP 	Created answerPrompt = TextStim(__class__=<class 'psychopy.visual.text.TextStim'>, alignHoriz=method-wrapper(...), alignText='center', alignVert=method-wrapper(...), anchorHoriz='center', anchorVert='center', antialias=True, autoLog=True, bold=False, color=array([1., 1., 1.]), colorSpace='rgb', contrast=1.0, depth=0.0, flipHoriz=False, flipVert=False, font='Open Sans', fontFiles=[], height=0.03, italic=False, languageStyle='LTR', name='answerPrompt', opacity=1, ori=0.0, pos=array([0.  , 0.15]), rgb=UNKNOWN, text='Type the word you heard:', units='height', win=Window(...), wrapWidth=1)
15.0293 	EXP 	Created text_4 = TextStim(__class__=<class 'psychopy.visual.text.TextStim'>, alignHoriz=method-wrapper(...), alignText='center', alignVert=method-wrapper(...), anchorHoriz='center', anchorVert='center', antialias=True, autoLog=True, bold=False, color=array([1., 1., 1.]), colorSpace='rgb', contrast=1.0, depth=-2.0, flipHoriz=False, flipVert=False, font='Open Sans', fontFiles=[], height=0.03, italic=False, languageStyle='LTR', name='text_4', opacity=1, ori=0.0, pos=array([ 0. , -0.2]), rgb=UNKNOWN, text=str(...), units='height', win=Window(...), wrapWidth=1)
15.0335 	EXP 	Created prepFixTxt = TextStim(__class__=<class 'psychopy.visual.text.TextStim'>, alignHoriz=method-wrapper(...), alignText='center', alignVert=method-wrapper(...), anchorHoriz='center', anchorVert='center', antialias=True, autoLog=True, bold=False, color=array([1., 1., 1.]), colorSpace='rgb', contrast=1.0, depth=0.0, flipHoriz=False, flipVert=False, font='Open Sans', fontFiles=[], height=0.075, italic=False, languageStyle='LTR', name='prepFixTxt', opacity=1, ori=0.0, pos=array([ 0.  , -0.15]), rgb=UNKNOWN, text='+', units='height', win=Window(...), wrapWidth=1)
15.0371 	EXP 	Created prepFixTxt_2 = TextStim(__class__=<class 'psychopy.visual.text.TextStim'>, alignHoriz=method-wrapper(...), alignText='center', alignVert=method-wrapper(...), anchorHoriz='center', anchorVert='center', antialias=True, autoLog=True, bold=False, color=array([1., 1., 1.]), colorSpace='rgb', contrast=1.0, depth=-1.0, flipHoriz=False, flipVert=False, font='Open Sans', fontFiles=[], height=0.075, italic=False, languageStyle='LTR', name='prepFixTxt_2', opacity=1, ori=0.0, pos=array([ 0.  , -0.15]), rgb=UNKNOWN, text='+', units='height', win=Window(...), wrapWidth=1)
15.0396 	EXP 	Created respPromptLocal = TextStim(__class__=<class 'psychopy.visual.text.TextStim'>, alignHoriz=method-wrapper(...), alignText='center', alignVert=method-wrapper(...), anchorHoriz='center', anchorVert='center', antialias=True, autoLog=True, bold=False, color=array([1., 1., 1.]), colorSpace='rgb', contrast=1.0, depth=0.0, flipHoriz=False, flipVert=False, font='Open Sans', fontFiles=[], height=0.05, italic=False, languageStyle='LTR', name='respPromptLocal', opacity=1, ori=0.0, pos=array([ 0. , -0.1]), rgb=UNKNOWN, text='', units='height', win=Window(...), wrapWidth=1)
15.0662 	EXP 	window1: mouseVisible = True
15.0787 	EXP 	Created slider = Slider(__class__=<class 'psychopy.visual.slider.Slider'>, autoDraw=False, autoLog=True, borderColor=None, color=None, colorSpace='rgb', depth=-1, fillColor=None, flip=False, font='Open Sans', granularity=0.0, labelHeight=0.05, labelWrapWidth=None, labels=None, name='slider', opacity=None, pos=(0, -0.4), readOnly=False, self=UNKNOWN, size=(1.75, 0.1), startValue=None, style=method-wrapper(...), styleTweaks=method-wrapper(...), ticks=array([1, 2]), units='height', win=Window(...))
15.1322 	EXP 	Created text_7 = TextStim(__class__=<class 'psychopy.visual.text.TextStim'>, alignHoriz=method-wrapper(...), alignText='center', alignVert=method-wrapper(...), anchorHoriz='center', anchorVert='center', antialias=True, autoLog=True, bold=False, color=array([1., 1., 1.]), colorSpace='rgb', contrast=1.0, depth=-1.0, flipHoriz=False, flipVert=False, font='Open Sans', fontFiles=[], height=0.03, italic=False, languageStyle='LTR', name='text_7', opacity=1, ori=0.0, pos=array([ 0. , -0.2]), rgb=UNKNOWN, text=str(...), units='height', win=Window(...), wrapWidth=1)
15.1358 	EXP 	Created prepFixTxt = TextStim(__class__=<class 'psychopy.visual.text.TextStim'>, alignHoriz=method-wrapper(...), alignText='center', alignVert=method-wrapper(...), anchorHoriz='center', anchorVert='center', antialias=True, autoLog=True, bold=False, color=array([1., 1., 1.]), colorSpace='rgb', contrast=1.0, depth=0.0, flipHoriz=False, flipVert=False, font='Open Sans', fontFiles=[], height=0.075, italic=False, languageStyle='LTR', name='prepFixTxt', opacity=1, ori=0.0, pos=array([ 0.  , -0.15]), rgb=UNKNOWN, text='+', units='height', win=Window(...), wrapWidth=1)
15.1393 	EXP 	Created prepFixTxt_3 = TextStim(__class__=<class 'psychopy.visual.text.TextStim'>, alignHoriz=method-wrapper(...), alignText='center', alignVert=method-wrapper(...), anchorHoriz='center', anchorVert='center', antialias=True, autoLog=True, bold=False, color=array([-1., -1., -1.]), colorSpace='rgb', contrast=1.0, depth=0.0, flipHoriz=False, flipVert=False, font='Open Sans', fontFiles=[], height=0.075, italic=False, languageStyle='LTR', name='prepFixTxt_3', opacity=1, ori=0.0, pos=array([ 0.  , -0.15]), rgb=UNKNOWN, text='+', units='height', win=Window(...), wrapWidth=1)
15.1433 	EXP 	Created grating = GratingStim(__class__=<class 'psychopy.visual.grating.GratingStim'>, autoDraw=False, autoLog=True, blendmode='avg', color=array([1., 1., 1.]), colorSpace='rgb', contrast=1.0, depth=-1.0, interpolate=True, mask='gauss', maskParams=None, name='grating', opacity=1, ori=0.0, phase=array([0., 0.]), pos=array([0., 0.]), rgbPedestal=array([0., 0., 0.]), sf=array([0.02, 0.02]), size=array([50., 50.]), tex='sin', texRes=128.0, units='pix', win=Window(...))
15.1453 	EXP 	Created respPromptLocal = TextStim(__class__=<class 'psychopy.visual.text.TextStim'>, alignHoriz=method-wrapper(...), alignText='center', alignVert=method-wrapper(...), anchorHoriz='center', anchorVert='center', antialias=True, autoLog=True, bold=False, color=array([1., 1., 1.]), colorSpace='rgb', contrast=1.0, depth=0.0, flipHoriz=False, flipVert=False, font='Open Sans', fontFiles=[], height=0.05, italic=False, languageStyle='LTR', name='respPromptLocal', opacity=1, ori=0.0, pos=array([ 0. , -0.1]), rgb=UNKNOWN, text='', units='height', win=Window(...), wrapWidth=1)
15.1556 	EXP 	window1: mouseVisible = True
15.1671 	EXP 	Created slider = Slider(__class__=<class 'psychopy.visual.slider.Slider'>, autoDraw=False, autoLog=True, borderColor=None, color=None, colorSpace='rgb', depth=-1, fillColor=None, flip=False, font='Open Sans', granularity=0.0, labelHeight=0.05, labelWrapWidth=None, labels=None, name='slider', opacity=None, pos=(0, -0.4), readOnly=False, self=UNKNOWN, size=(1.75, 0.1), startValue=None, style=method-wrapper(...), styleTweaks=method-wrapper(...), ticks=array([1, 2]), units='height', win=Window(...))
15.1882 	EXP 	Created exitTxt = TextStim(__class__=<class 'psychopy.visual.text.TextStim'>, alignHoriz=method-wrapper(...), alignText='center', alignVert=method-wrapper(...), anchorHoriz='center', anchorVert='center', antialias=True, autoLog=True, bold=False, color=array([1., 1., 1.]), colorSpace='rgb', contrast=1.0, depth=0.0, flipHoriz=False, flipVert=False, font='Open Sans', fontFiles=[], height=0.03, italic=False, languageStyle='LTR', name='exitTxt', opacity=1, ori=0.0, pos=array([0., 0.]), rgb=UNKNOWN, text=str(...), units='height', win=Window(...), wrapWidth=1)
16.4603 	EXP 	getAnswer: autoLog = True
16.4603 	EXP 	getAnswer: autoLog = True
16.4603 	EXP 	slider: autoLog = True
16.4603 	EXP 	slider: markerPos = None
16.4603 	EXP 	slider: rating = None
16.4603 	EXP 	slider: markerPos = None
16.4603 	EXP 	slider: contrast = 1.0
16.4603 	EXP 	slider: autoLog = True
16.4603 	EXP 	slider: styleTweaks = []
16.4603 	EXP 	slider: style = 'slider'
16.4603 	EXP 	slider: styleTweaks = []
16.4603 	EXP 	slider: autoLog = True
16.4603 	EXP 	slider: markerPos = None
16.4603 	EXP 	slider: rating = None
16.4603 	EXP 	slider: markerPos = None
16.4603 	EXP 	slider: contrast = 1.0
16.4603 	EXP 	slider: autoLog = True
16.4603 	EXP 	slider: styleTweaks = []
16.4603 	EXP 	slider: style = 'slider'
16.4603 	EXP 	slider: styleTweaks = []
16.5439 	EXP 	text_2: autoDraw = True
27.0682 	DATA 	Keypress: space
27.0786 	EXP 	text_2: autoDraw = False
27.0786 	EXP 	text_3: autoDraw = True
40.4950 	EXP 	Imported practiceForSpeech_CM_102722.xlsx as conditions, 2 conditions, 8 params
40.4957 	EXP 	Created sequence: sequential, trialTypes=2, nReps=1, seed=None
40.4962 	EXP 	New trial (rep=0, index=0): {'Audio_Only_Files': 'ash.wav', 'Video_Files': 'ash.mpg', 'Original_Word_List': 'ash', 'noiseLevelCode': 1, 'conditionCodes': 'A', 'noiseLevelFile1': 'Pink_Noise_1_1.wav', 'noiseLevelFile2': 'Pink_Noise_1_2.wav', 'InstrTextVar': 'This is an example of an\n\nAUDIO trial'}
40.5100 	DATA 	Keypress: space
40.5270 	EXP 	text_3: autoDraw = False
40.5270 	EXP 	text_5: text = 'This is an example of an\n\nAUDIO trial'
40.5270 	EXP 	text_5: autoDraw = True
41.4951 	EXP 	window1: mouseVisible = False
41.5106 	EXP 	text_5: autoDraw = False
41.5106 	EXP 	fixCross: autoDraw = True
44.4142 	EXP 	Created movieToShow = MovieStim3(__class__=<class 'psychopy.visual.movie3.MovieStim3'>, autoLog=True, color=UNKNOWN, colorSpace=UNKNOWN, depth=0.0, filename='ash.mpg', flipHoriz=False, flipVert=False, fps=UNKNOWN, interpolate=True, loop=False, name='movieToShow', noAudio=False, opacity=1, ori=method-wrapper(...), pos=array([0., 0.]), size=method-wrapper(...), units='pix', vframe_callback=UNKNOWN, volume=UNKNOWN, win=Window(...))
46.1517 	EXP 	Set  sound=C
